Using pre-set license
Built from '2020.3/staging' branch; Version is '2020.3.3f1 (76626098c1c4) revision 7758432'; Using compiler version '192528614'; Build Type 'Release'
OS: 'Windows 10 Home; OS build 19042.928; Version 2009; 64bit' Language: 'es' Physical Memory: 16240 MB
BatchMode: 1, IsHumanControllingUs: 0, StartBugReporterOnCrash: 0, Is64bit: 1, IsPro: 0

 COMMAND LINE ARGUMENTS:
D:\Unity\Editors\2020.3.3f1\Editor\Unity.exe
-adb2
-batchMode
-noUpm
-name
AssetImportWorker0
-projectPath
D:/Proyectos Unity/Trabajo SCBIO/Kart_Unity/KartSCBIO
-logFile
Logs/AssetImportWorker0.log
-srvPort
53512
Successfully changed project path to: D:/Proyectos Unity/Trabajo SCBIO/Kart_Unity/KartSCBIO
D:/Proyectos Unity/Trabajo SCBIO/Kart_Unity/KartSCBIO
Using Asset Import Pipeline V2.
Refreshing native plugins compatible for Editor in 134.40 ms, found 1 plugins.
Preloading 0 native plugins for Editor in 0.00 ms.
Initialize engine version: 2020.3.3f1 (76626098c1c4)
[Subsystems] Discovering subsystems at path D:/Unity/Editors/2020.3.3f1/Editor/Data/Resources/UnitySubsystems
[Subsystems] Discovering subsystems at path D:/Proyectos Unity/Trabajo SCBIO/Kart_Unity/KartSCBIO/Assets
GfxDevice: creating device client; threaded=0
Direct3D:
    Version:  Direct3D 11.0 [level 11.0]
    Renderer: NVIDIA GeForce GTX 960M (ID=0x139b)
    Vendor:   
    VRAM:     4053 MB
    Driver:   27.21.14.6611
Initialize mono
Mono path[0] = 'D:/Unity/Editors/2020.3.3f1/Editor/Data/Managed'
Mono path[1] = 'D:/Unity/Editors/2020.3.3f1/Editor/Data/MonoBleedingEdge/lib/mono/unityjit'
Mono config path = 'D:/Unity/Editors/2020.3.3f1/Editor/Data/MonoBleedingEdge/etc'
Using monoOptions --debugger-agent=transport=dt_socket,embedding=1,server=y,suspend=n,address=127.0.0.1:56428
Begin MonoManager ReloadAssembly
Registering precompiled unity dll's ...
Register platform support module: D:/Unity/Editors/2020.3.3f1/Editor/Data/PlaybackEngines/WebGLSupport/UnityEditor.WebGL.Extensions.dll
Register platform support module: D:/Unity/Editors/2020.3.3f1/Editor/Data/PlaybackEngines/WindowsStandaloneSupport/UnityEditor.WindowsStandalone.Extensions.dll
Register platform support module: D:/Unity/Editors/2020.3.3f1/Editor/Data/PlaybackEngines/LuminSupport/UnityEditor.Lumin.Extensions.dll
Registered in 0.001804 seconds.
Native extension for Lumin target not found
Native extension for WindowsStandalone target not found
Native extension for WebGL target not found
Refreshing native plugins compatible for Editor in 69.92 ms, found 1 plugins.
Preloading 0 native plugins for Editor in 0.00 ms.
Invoked RoslynAnalysisRunner static constructor.
RoslynAnalysisRunner will not be running.
RoslynAnalysisRunner has terminated.
Mono: successfully reloaded assembly
- Completed reload, in  2.389 seconds
Platform modules already initialized, skipping
Registering precompiled user dll's ...
Registered in 0.005617 seconds.
Begin MonoManager ReloadAssembly
Native extension for Lumin target not found
Native extension for WindowsStandalone target not found
Native extension for WebGL target not found
Refreshing native plugins compatible for Editor in 70.59 ms, found 1 plugins.
Preloading 0 native plugins for Editor in 0.00 ms.
Invoked RoslynAnalysisRunner static constructor.
RoslynAnalysisRunner will not be running.
RoslynAnalysisRunner has terminated.
Mono: successfully reloaded assembly
- Completed reload, in  2.500 seconds
Platform modules already initialized, skipping
========================================================================
Worker process is ready to serve import requests
Launched and connected shader compiler UnityShaderCompiler.exe after 0.09 seconds
Refreshing native plugins compatible for Editor in 0.56 ms, found 1 plugins.
Preloading 0 native plugins for Editor in 0.00 ms.
Unloading 2484 Unused Serialized files (Serialized files now loaded: 0)
System memory in use before: 118.8 MB.
System memory in use after: 116.4 MB.

Unloading 164 unused Assets to reduce memory usage. Loaded Objects now: 2873.
Total: 6.292400 ms (FindLiveObjects: 0.606900 ms CreateObjectMapping: 0.321600 ms MarkObjects: 3.407600 ms  DeleteObjects: 1.954400 ms)

========================================================================
Received Import Request.
  path: Assets/Karting/Scenes/IntroMenu.unity
  artifactKey: Guid(d29260d8d84c94bd7ac95807b3da99d4) Importer(815301076,1909f56bfc062723c751e8b465ee728b)
Start importing Assets/Karting/Scenes/IntroMenu.unity using Guid(d29260d8d84c94bd7ac95807b3da99d4) Importer(815301076,1909f56bfc062723c751e8b465ee728b)  -> (artifact id: 'd589a4ca8249a69aed4132855d0b1db6') in 0.007094 seconds
  Import took 0.012519 seconds .

========================================================================
Received Import Request.
  Time since last request: 247.485590 seconds.
  path: Assets/Karting/Scenes/IntroMenuSettings.lighting
  artifactKey: Guid(70eca728758bb754b9f80a18e9e7f18a) Importer(815301076,1909f56bfc062723c751e8b465ee728b)
Start importing Assets/Karting/Scenes/IntroMenuSettings.lighting using Guid(70eca728758bb754b9f80a18e9e7f18a) Importer(815301076,1909f56bfc062723c751e8b465ee728b)  -> (artifact id: 'cb39c1bc6ba16248cefa6dcb05dbe273') in 0.055781 seconds
  Import took 0.061894 seconds .

========================================================================
Received Import Request.
  Time since last request: 0.001143 seconds.
  path: Assets/Karting/Scenes/IntroMenuSettings.lighting
  artifactKey: Guid(70eca728758bb754b9f80a18e9e7f18a) Importer(815301076,1909f56bfc062723c751e8b465ee728b)
Start importing Assets/Karting/Scenes/IntroMenuSettings.lighting using Guid(70eca728758bb754b9f80a18e9e7f18a) Importer(815301076,1909f56bfc062723c751e8b465ee728b)  -> (artifact id: 'cb39c1bc6ba16248cefa6dcb05dbe273') in 0.002344 seconds
  Import took 0.009212 seconds .

========================================================================
Received Import Request.
  Time since last request: 277.649213 seconds.
  path: Assets/Karting/PhysicsMaterials/ArcadeKartBody.physicMaterial
  artifactKey: Guid(d95b5e49839d84ee191c3c6961b60124) Importer(815301076,1909f56bfc062723c751e8b465ee728b)
Start importing Assets/Karting/PhysicsMaterials/ArcadeKartBody.physicMaterial using Guid(d95b5e49839d84ee191c3c6961b60124) Importer(815301076,1909f56bfc062723c751e8b465ee728b)  -> (artifact id: 'b5d8c128062a3cb4fa776b442d1bf4d7') in 0.005067 seconds
  Import took 0.011231 seconds .

========================================================================
Received Import Request.
  Time since last request: 0.137001 seconds.
  path: Assets/Karting/PhysicsMaterials/CarWheels.physicMaterial
  artifactKey: Guid(83f0e1b2590734b80bda8c5dcda941da) Importer(815301076,1909f56bfc062723c751e8b465ee728b)
Start importing Assets/Karting/PhysicsMaterials/CarWheels.physicMaterial using Guid(83f0e1b2590734b80bda8c5dcda941da) Importer(815301076,1909f56bfc062723c751e8b465ee728b)  -> (artifact id: '1a28ba681bec66ce0d348bf95f80bb5e') in 0.002584 seconds
  Import took 0.009117 seconds .

========================================================================
Received Import Request.
  Time since last request: 0.000426 seconds.
  path: Assets/Karting/PhysicsMaterials/CrashObjectFriction.physicMaterial
  artifactKey: Guid(0fcb759f3ea86e14395360c51926825c) Importer(815301076,1909f56bfc062723c751e8b465ee728b)
Start importing Assets/Karting/PhysicsMaterials/CrashObjectFriction.physicMaterial using Guid(0fcb759f3ea86e14395360c51926825c) Importer(815301076,1909f56bfc062723c751e8b465ee728b)  -> (artifact id: '0a10bbb1817ca7e88dbd8ecad0e095c0') in 0.089895 seconds
  Import took 0.094960 seconds .

========================================================================
Received Import Request.
  Time since last request: 0.000422 seconds.
  path: Assets/Karting/PhysicsMaterials/NoFriction.physicMaterial
  artifactKey: Guid(a46ba4e273ba0684f90f4acc0fdf44d5) Importer(815301076,1909f56bfc062723c751e8b465ee728b)
Start importing Assets/Karting/PhysicsMaterials/NoFriction.physicMaterial using Guid(a46ba4e273ba0684f90f4acc0fdf44d5) Importer(815301076,1909f56bfc062723c751e8b465ee728b)  -> (artifact id: 'e406dd3ea57e57ec9c60c16868a3f7e5') in 0.019631 seconds
  Import took 0.028322 seconds .

========================================================================
Received Import Request.
  Time since last request: 0.002240 seconds.
  path: Assets/Karting/PhysicsMaterials/KartFriction.physicMaterial
  artifactKey: Guid(9b882955b142f084cbe20df1d8604b5f) Importer(815301076,1909f56bfc062723c751e8b465ee728b)
Start importing Assets/Karting/PhysicsMaterials/KartFriction.physicMaterial using Guid(9b882955b142f084cbe20df1d8604b5f) Importer(815301076,1909f56bfc062723c751e8b465ee728b)  -> (artifact id: '7038be9fee2280a71c6be054c1468c32') in 0.022166 seconds
  Import took 0.030507 seconds .

========================================================================
Received Import Request.
  Time since last request: 0.000599 seconds.
  path: Assets/Karting/PhysicsMaterials/KartFrictionV2.physicMaterial
  artifactKey: Guid(563cf269950b97f4ea88dc91eaf1889d) Importer(815301076,1909f56bfc062723c751e8b465ee728b)
Start importing Assets/Karting/PhysicsMaterials/KartFrictionV2.physicMaterial using Guid(563cf269950b97f4ea88dc91eaf1889d) Importer(815301076,1909f56bfc062723c751e8b465ee728b)  -> (artifact id: '9d11812592f2518cbe9d4361bae61e79') in 0.002772 seconds
  Import took 0.010455 seconds .

========================================================================
Received Import Request.
  Time since last request: 0.000411 seconds.
  path: Assets/Karting/PhysicsMaterials/RampFriction.physicMaterial
  artifactKey: Guid(5c8f7b1a953cc3c47ac059ea6d07282a) Importer(815301076,1909f56bfc062723c751e8b465ee728b)
Start importing Assets/Karting/PhysicsMaterials/RampFriction.physicMaterial using Guid(5c8f7b1a953cc3c47ac059ea6d07282a) Importer(815301076,1909f56bfc062723c751e8b465ee728b)  -> (artifact id: '0bb1af7d7c6e91f9dd70377408aa0cbf') in 0.042528 seconds
  Import took 0.050146 seconds .

========================================================================
Received Import Request.
  Time since last request: 0.000304 seconds.
  path: Assets/Karting/PhysicsMaterials/KartFrictionV2.physicMaterial
  artifactKey: Guid(563cf269950b97f4ea88dc91eaf1889d) Importer(815301076,1909f56bfc062723c751e8b465ee728b)
Start importing Assets/Karting/PhysicsMaterials/KartFrictionV2.physicMaterial using Guid(563cf269950b97f4ea88dc91eaf1889d) Importer(815301076,1909f56bfc062723c751e8b465ee728b)  -> (artifact id: '9d11812592f2518cbe9d4361bae61e79') in 0.002205 seconds
  Import took 0.007929 seconds .

========================================================================
Received Import Request.
  Time since last request: 4.269904 seconds.
  path: Assets/Karting/ScriptableObjects/GameMessageGeneric.asset
  artifactKey: Guid(4f09a4fe2b79f494cb4b65e27102ddd2) Importer(815301076,1909f56bfc062723c751e8b465ee728b)
Start importing Assets/Karting/ScriptableObjects/GameMessageGeneric.asset using Guid(4f09a4fe2b79f494cb4b65e27102ddd2) Importer(815301076,1909f56bfc062723c751e8b465ee728b)  -> (artifact id: '77bcbf748305954b2e15d821ddc74338') in 0.052856 seconds
  Import took 0.057129 seconds .

========================================================================
Received Import Request.
  Time since last request: 0.090997 seconds.
  path: Assets/Karting/ScriptableObjects/NotificationPrefab.asset
  artifactKey: Guid(0d982485d3a954f87b928edc95b7f622) Importer(815301076,1909f56bfc062723c751e8b465ee728b)
Start importing Assets/Karting/ScriptableObjects/NotificationPrefab.asset using Guid(0d982485d3a954f87b928edc95b7f622) Importer(815301076,1909f56bfc062723c751e8b465ee728b)  -> (artifact id: 'ba50af660073ccd7b32fe7babc3fa80c') in 0.070030 seconds
  Import took 0.075856 seconds .

========================================================================
Received Import Request.
  Time since last request: 0.000408 seconds.
  path: Assets/Karting/ScriptableObjects/ObjectiveToastSecondary.asset
  artifactKey: Guid(d8b9f915b44d44383b11beec3038475a) Importer(815301076,1909f56bfc062723c751e8b465ee728b)
Start importing Assets/Karting/ScriptableObjects/ObjectiveToastSecondary.asset using Guid(d8b9f915b44d44383b11beec3038475a) Importer(815301076,1909f56bfc062723c751e8b465ee728b)  -> (artifact id: 'dd4d787764241f30831e3d2587c03b2e') in 0.013829 seconds
  Import took 0.019241 seconds .

========================================================================
Received Import Request.
  Time since last request: 0.000396 seconds.
  path: Assets/Karting/ScriptableObjects/WinGameMessage.asset
  artifactKey: Guid(ea52713838edf4cab911e165322b4a1c) Importer(815301076,1909f56bfc062723c751e8b465ee728b)
Start importing Assets/Karting/ScriptableObjects/WinGameMessage.asset using Guid(ea52713838edf4cab911e165322b4a1c) Importer(815301076,1909f56bfc062723c751e8b465ee728b)  -> (artifact id: '99cf704db676cf1b8b19fe5587bd036d') in 0.031510 seconds
  Import took 0.037304 seconds .

========================================================================
Received Import Request.
  Time since last request: 0.000377 seconds.
  path: Assets/Karting/ScriptableObjects/ObjectiveToastPrimary.asset
  artifactKey: Guid(7c1a71b285bc6430aa9606f40ed33a7a) Importer(815301076,1909f56bfc062723c751e8b465ee728b)
Start importing Assets/Karting/ScriptableObjects/ObjectiveToastPrimary.asset using Guid(7c1a71b285bc6430aa9606f40ed33a7a) Importer(815301076,1909f56bfc062723c751e8b465ee728b)  -> (artifact id: 'f9f3f9a159d3dfceb1dcc39777effcc1') in 0.012902 seconds
  Import took 0.017811 seconds .

========================================================================
Received Import Request.
  Time since last request: 0.000364 seconds.
  path: Assets/Karting/ScriptableObjects/TimeDisplayItem.asset
  artifactKey: Guid(662878078edcd354991f5fbb8c48cb2e) Importer(815301076,1909f56bfc062723c751e8b465ee728b)
Start importing Assets/Karting/ScriptableObjects/TimeDisplayItem.asset using Guid(662878078edcd354991f5fbb8c48cb2e) Importer(815301076,1909f56bfc062723c751e8b465ee728b)  -> (artifact id: '9df305a34dca5e424a64ce3555ff8155') in 0.012018 seconds
  Import took 0.017465 seconds .

========================================================================
Received Import Request.
  Time since last request: 0.467678 seconds.
  path: Assets/Karting/Scripts/KartGame.asmdef
  artifactKey: Guid(a54b96d5ddd2c488aadb7e2cb0921b9b) Importer(815301076,1909f56bfc062723c751e8b465ee728b)
Start importing Assets/Karting/Scripts/KartGame.asmdef using Guid(a54b96d5ddd2c488aadb7e2cb0921b9b) Importer(815301076,1909f56bfc062723c751e8b465ee728b)  -> (artifact id: 'a42dd77170ef085d41d7ebf96c08633e') in 0.003417 seconds
  Import took 0.007576 seconds .

========================================================================
Received Import Request.
  Time since last request: 10.775768 seconds.
  path: Assets/Karting/Animations/KartFrontWheelsMask.mask
  artifactKey: Guid(0b4fa3eb165fa044c89f540d8b738a4f) Importer(815301076,1909f56bfc062723c751e8b465ee728b)
Start importing Assets/Karting/Animations/KartFrontWheelsMask.mask using Guid(0b4fa3eb165fa044c89f540d8b738a4f) Importer(815301076,1909f56bfc062723c751e8b465ee728b)  -> (artifact id: '22dfd297d974a58e8695f3d5256e1011') in 0.004755 seconds
  Import took 0.009790 seconds .

========================================================================
Received Import Request.
  Time since last request: 0.091417 seconds.
  path: Assets/Karting/Animations/KartIdle.FBX
  artifactKey: Guid(379c82acbb20c4747b42575fb9e5011e) Importer(815301076,1909f56bfc062723c751e8b465ee728b)
Start importing Assets/Karting/Animations/KartIdle.FBX using Guid(379c82acbb20c4747b42575fb9e5011e) Importer(815301076,1909f56bfc062723c751e8b465ee728b)  -> (artifact id: '0642fb0b04b423ed33d758df66c16f40') in 0.679173 seconds
  Import took 0.686540 seconds .

========================================================================
Received Import Request.
  Time since last request: 0.423544 seconds.
  path: Assets/Karting/Audio/CollisionWalls.wav
  artifactKey: Guid(09f715e4d9c95e848945e7702f9bab46) Importer(815301076,1909f56bfc062723c751e8b465ee728b)
Start importing Assets/Karting/Audio/CollisionWalls.wav using Guid(09f715e4d9c95e848945e7702f9bab46) Importer(815301076,1909f56bfc062723c751e8b465ee728b)  -> (artifact id: '5a981976a8bf783041c5b8f6e5365acc') in 0.129209 seconds
  Import took 0.134603 seconds .

========================================================================
Received Import Request.
  Time since last request: 0.000454 seconds.
  path: Assets/Karting/Audio/EngineA1.wav
  artifactKey: Guid(dd46253c3a6b6439bbceb25ba2d5665e) Importer(815301076,1909f56bfc062723c751e8b465ee728b)
Start importing Assets/Karting/Audio/EngineA1.wav using Guid(dd46253c3a6b6439bbceb25ba2d5665e) Importer(815301076,1909f56bfc062723c751e8b465ee728b)  -> (artifact id: '2597fddad429e965f17748288a8bdb04') in 0.111355 seconds
  Import took 0.116211 seconds .

========================================================================
Received Import Request.
  Time since last request: 0.000458 seconds.
  path: Assets/Karting/Audio/StartSound02.wav
  artifactKey: Guid(30a284806deffbb4691f78109d0b617b) Importer(815301076,1909f56bfc062723c751e8b465ee728b)
Start importing Assets/Karting/Audio/StartSound02.wav using Guid(30a284806deffbb4691f78109d0b617b) Importer(815301076,1909f56bfc062723c751e8b465ee728b)  -> (artifact id: 'e499645536074e95fe37c66de673cac7') in 0.143026 seconds
  Import took 0.149799 seconds .

========================================================================
Received Import Request.
  Time since last request: 0.000416 seconds.
  path: Assets/Karting/Audio/Music.mp3
  artifactKey: Guid(1939f7149c0fae14a891ac314cb2e8f3) Importer(815301076,1909f56bfc062723c751e8b465ee728b)
Start importing Assets/Karting/Audio/Music.mp3 using Guid(1939f7149c0fae14a891ac314cb2e8f3) Importer(815301076,1909f56bfc062723c751e8b465ee728b)  -> (artifact id: '97928b477638e0e89084815b908ac035') in 0.053860 seconds
  Import took 0.059953 seconds .

========================================================================
Received Import Request.
  Time since last request: 0.000355 seconds.
  path: Assets/Karting/Audio/Tire_Screeching.wav
  artifactKey: Guid(e92cf848e62569a45b1f8cc697211084) Importer(815301076,1909f56bfc062723c751e8b465ee728b)
Start importing Assets/Karting/Audio/Tire_Screeching.wav using Guid(e92cf848e62569a45b1f8cc697211084) Importer(815301076,1909f56bfc062723c751e8b465ee728b)  -> (artifact id: '047c7988d297bfabb3b902cf0b151517') in 0.042114 seconds
  Import took 0.046845 seconds .

========================================================================
Received Import Request.
  Time since last request: 0.000450 seconds.
  path: Assets/Karting/Audio/EngineA4.wav
  artifactKey: Guid(3d7dea0b41109438aa3242fa6ce220a7) Importer(815301076,1909f56bfc062723c751e8b465ee728b)
Start importing Assets/Karting/Audio/EngineA4.wav using Guid(3d7dea0b41109438aa3242fa6ce220a7) Importer(815301076,1909f56bfc062723c751e8b465ee728b)  -> (artifact id: '0c5bb0c40aa1e135925a84c5da75fe05') in 0.047758 seconds
  Import took 0.052792 seconds .

========================================================================
Received Import Request.
  Time since last request: 0.000397 seconds.
  path: Assets/Karting/Audio/engine-rev.ogg
  artifactKey: Guid(7eb03bd77be2345cd94afa59ba4cec74) Importer(815301076,1909f56bfc062723c751e8b465ee728b)
Start importing Assets/Karting/Audio/engine-rev.ogg using Guid(7eb03bd77be2345cd94afa59ba4cec74) Importer(815301076,1909f56bfc062723c751e8b465ee728b)  -> (artifact id: '739769a35b6f93b168d467cb32387243') in 0.010789 seconds
  Import took 0.017145 seconds .

========================================================================
Received Import Request.
  Time since last request: 0.000445 seconds.
  path: Assets/Karting/Audio/engine-idle.ogg
  artifactKey: Guid(f17f8fff3c3fe468fb2aa48c723044aa) Importer(815301076,1909f56bfc062723c751e8b465ee728b)
Start importing Assets/Karting/Audio/engine-idle.ogg using Guid(f17f8fff3c3fe468fb2aa48c723044aa) Importer(815301076,1909f56bfc062723c751e8b465ee728b)  -> (artifact id: '72d37cf6470c090dc7138828a7846b87') in 0.095931 seconds
  Import took 0.102100 seconds .

========================================================================
Received Import Request.
  Time since last request: 0.000460 seconds.
  path: Assets/Karting/Audio/EngineA3.wav
  artifactKey: Guid(c3af91df4ca764fd9b9f2e778e7e555a) Importer(815301076,1909f56bfc062723c751e8b465ee728b)
Start importing Assets/Karting/Audio/EngineA3.wav using Guid(c3af91df4ca764fd9b9f2e778e7e555a) Importer(815301076,1909f56bfc062723c751e8b465ee728b)  -> (artifact id: '84fab84dbd86c72bb379a2d8b813a535') in 0.031397 seconds
  Import took 0.043020 seconds .

========================================================================
Received Import Request.
  Time since last request: 0.000485 seconds.
  path: Assets/Karting/Audio/engine-running.ogg
  artifactKey: Guid(819e4330b56d74b398255782be41515f) Importer(815301076,1909f56bfc062723c751e8b465ee728b)
Start importing Assets/Karting/Audio/engine-running.ogg using Guid(819e4330b56d74b398255782be41515f) Importer(815301076,1909f56bfc062723c751e8b465ee728b)  -> (artifact id: '7c3a505d2ae1a924d0411bb27127eb8d') in 0.008813 seconds
  Import took 0.014659 seconds .

========================================================================
Received Import Request.
  Time since last request: 0.000459 seconds.
  path: Assets/Karting/Audio/MainAudioMixer.mixer
  artifactKey: Guid(fcc71635aab95ff4fbdf1880bf2afa2f) Importer(815301076,1909f56bfc062723c751e8b465ee728b)
Start importing Assets/Karting/Audio/MainAudioMixer.mixer using Guid(fcc71635aab95ff4fbdf1880bf2afa2f) Importer(815301076,1909f56bfc062723c751e8b465ee728b)  -> (artifact id: 'b891101b7f0540c7be626b3a43d18982') in 0.134073 seconds
  Import took 0.140036 seconds .

========================================================================
Received Import Request.
  Time since last request: 0.000514 seconds.
  path: Assets/Karting/Audio/EngineA2.wav
  artifactKey: Guid(2ad022136d1b64c57910b8dcd17576ef) Importer(815301076,1909f56bfc062723c751e8b465ee728b)
Start importing Assets/Karting/Audio/EngineA2.wav using Guid(2ad022136d1b64c57910b8dcd17576ef) Importer(815301076,1909f56bfc062723c751e8b465ee728b)  -> (artifact id: 'a78b313a879d19d9a8f45e0eb6b058d6') in 0.007522 seconds
  Import took 0.013706 seconds .

========================================================================
Received Import Request.
  Time since last request: 0.000347 seconds.
  path: Assets/Karting/Audio/engine_start.ogg
  artifactKey: Guid(fc58125bd5e1d457c86a087d8ee30621) Importer(815301076,1909f56bfc062723c751e8b465ee728b)
Start importing Assets/Karting/Audio/engine_start.ogg using Guid(fc58125bd5e1d457c86a087d8ee30621) Importer(815301076,1909f56bfc062723c751e8b465ee728b)  -> (artifact id: '129b6907efdb0df3badacb9c7794a6b3') in 0.036082 seconds
  Import took 0.040305 seconds .

========================================================================
Received Import Request.
  Time since last request: 0.000349 seconds.
  path: Assets/Karting/Audio/StartSound01.wav
  artifactKey: Guid(a935550c6172c6548b1bc8de6e56618a) Importer(815301076,1909f56bfc062723c751e8b465ee728b)
Start importing Assets/Karting/Audio/StartSound01.wav using Guid(a935550c6172c6548b1bc8de6e56618a) Importer(815301076,1909f56bfc062723c751e8b465ee728b)  -> (artifact id: '62d7d8c77d8c63e86c080a334abf9aa6') in 0.097041 seconds
  Import took 0.101787 seconds .

========================================================================
Received Import Request.
  Time since last request: 3.256049 seconds.
  path: Assets/Karting/Art/Materials/Level/Cloud.mat
  artifactKey: Guid(148eef3fd1efb4869a34ac3d7cf100cc) Importer(815301076,1909f56bfc062723c751e8b465ee728b)
Start importing Assets/Karting/Art/Materials/Level/Cloud.mat using Guid(148eef3fd1efb4869a34ac3d7cf100cc) Importer(815301076,1909f56bfc062723c751e8b465ee728b)  -> (artifact id: '98c1bed84effb73550b6d8b1f3987af3') in 0.116456 seconds
  Import took 0.121803 seconds .

========================================================================
Received Import Request.
  Time since last request: 0.000425 seconds.
  path: Assets/Karting/Art/Materials/Level/Tree.mat
  artifactKey: Guid(8f786667994ad4fee8c70a586ff5fb08) Importer(815301076,1909f56bfc062723c751e8b465ee728b)
Start importing Assets/Karting/Art/Materials/Level/Tree.mat using Guid(8f786667994ad4fee8c70a586ff5fb08) Importer(815301076,1909f56bfc062723c751e8b465ee728b)  -> (artifact id: '87e7502732ece08a30ad8ebefb6d0d27') in 0.336719 seconds
  Import took 0.341267 seconds .

========================================================================
Received Import Request.
  Time since last request: 0.000385 seconds.
  path: Assets/Karting/Art/Materials/Level/TemplateEnvironment.004.mat
  artifactKey: Guid(b96320648627fa541a5f9e4924de5ca0) Importer(815301076,1909f56bfc062723c751e8b465ee728b)
Start importing Assets/Karting/Art/Materials/Level/TemplateEnvironment.004.mat using Guid(b96320648627fa541a5f9e4924de5ca0) Importer(815301076,1909f56bfc062723c751e8b465ee728b)  -> (artifact id: 'dcb958d1824cb3ae33e69841e87e6b8e') in 0.753661 seconds
  Import took 0.758606 seconds .

========================================================================
Received Import Request.
  Time since last request: 0.000353 seconds.
  path: Assets/Karting/Art/Materials/Level/Mountain.mat
  artifactKey: Guid(ae30ce6f461ca4b70a2fad54788e1dcc) Importer(815301076,1909f56bfc062723c751e8b465ee728b)
Start importing Assets/Karting/Art/Materials/Level/Mountain.mat using Guid(ae30ce6f461ca4b70a2fad54788e1dcc) Importer(815301076,1909f56bfc062723c751e8b465ee728b)  -> (artifact id: '606fd673b7b618d76e7ee8af023f86c3') in 0.008616 seconds
  Import took 0.014311 seconds .

========================================================================
Received Import Request.
  Time since last request: 0.000470 seconds.
  path: Assets/Karting/Art/Materials/Level/Sun.mat
  artifactKey: Guid(a9c2dd9005a9f406e8fd0eaf5d323158) Importer(815301076,1909f56bfc062723c751e8b465ee728b)
Start importing Assets/Karting/Art/Materials/Level/Sun.mat using Guid(a9c2dd9005a9f406e8fd0eaf5d323158) Importer(815301076,1909f56bfc062723c751e8b465ee728b)  -> (artifact id: '2fa081da1a1881d4d07f15a954f5c113') in 0.737381 seconds
  Import took 0.742272 seconds .

========================================================================
Received Import Request.
  Time since last request: 0.000478 seconds.
  path: Assets/Karting/Art/Materials/Level/Default.mat
  artifactKey: Guid(5771eb136bbe5f44ca09b5fc7d1ba8fa) Importer(815301076,1909f56bfc062723c751e8b465ee728b)
Start importing Assets/Karting/Art/Materials/Level/Default.mat using Guid(5771eb136bbe5f44ca09b5fc7d1ba8fa) Importer(815301076,1909f56bfc062723c751e8b465ee728b)  -> (artifact id: 'e5480e78442921b9367684be7b71b0e7') in 0.232331 seconds
  Import took 0.237055 seconds .

========================================================================
Received Import Request.
  Time since last request: 0.000496 seconds.
  path: Assets/Karting/Art/Materials/Level/TemplateEnvironment.002.mat
  artifactKey: Guid(91505eb154754414891d6cf041d82e88) Importer(815301076,1909f56bfc062723c751e8b465ee728b)
Start importing Assets/Karting/Art/Materials/Level/TemplateEnvironment.002.mat using Guid(91505eb154754414891d6cf041d82e88) Importer(815301076,1909f56bfc062723c751e8b465ee728b)  -> (artifact id: '9ba01e9eb1d37b1fee8659ce8178d11a') in 0.009118 seconds
  Import took 0.013729 seconds .

========================================================================
Received Import Request.
  Time since last request: 0.000356 seconds.
  path: Assets/Karting/Art/Materials/Level/Hill.mat
  artifactKey: Guid(6d356d20182e04a549044c49cf2448e2) Importer(815301076,1909f56bfc062723c751e8b465ee728b)
Start importing Assets/Karting/Art/Materials/Level/Hill.mat using Guid(6d356d20182e04a549044c49cf2448e2) Importer(815301076,1909f56bfc062723c751e8b465ee728b)  -> (artifact id: '997ce9158152397dc6b156adc5efbdf7') in 0.406806 seconds
  Import took 0.412460 seconds .

========================================================================
Received Import Request.
  Time since last request: 0.000463 seconds.
  path: Assets/Karting/Art/Materials/Level/Skybox.mat
  artifactKey: Guid(d0b5f93ffa1d8834099969a91bd01886) Importer(815301076,1909f56bfc062723c751e8b465ee728b)
Start importing Assets/Karting/Art/Materials/Level/Skybox.mat using Guid(d0b5f93ffa1d8834099969a91bd01886) Importer(815301076,1909f56bfc062723c751e8b465ee728b)  -> (artifact id: 'da5b2b4d41feea62cb03bd4f00e3b6f9') in 0.033966 seconds
  Import took 0.039871 seconds .

========================================================================
Received Import Request.
  Time since last request: 0.000324 seconds.
  path: Assets/Karting/Art/Materials/Level/Ground.mat
  artifactKey: Guid(0274ff7df2d6f47d18ad726800451b5a) Importer(815301076,1909f56bfc062723c751e8b465ee728b)
Start importing Assets/Karting/Art/Materials/Level/Ground.mat using Guid(0274ff7df2d6f47d18ad726800451b5a) Importer(815301076,1909f56bfc062723c751e8b465ee728b)  -> (artifact id: 'cf21e3d45f0fdcd71b93c40e9a7ad90e') in 0.360802 seconds
  Import took 0.366051 seconds .

========================================================================
Received Import Request.
  Time since last request: 0.000371 seconds.
  path: Assets/Karting/Art/Materials/Level/TemplateEnvironment.003.mat
  artifactKey: Guid(4bcff3e120ab83940989806deece0e50) Importer(815301076,1909f56bfc062723c751e8b465ee728b)
Start importing Assets/Karting/Art/Materials/Level/TemplateEnvironment.003.mat using Guid(4bcff3e120ab83940989806deece0e50) Importer(815301076,1909f56bfc062723c751e8b465ee728b)  -> (artifact id: 'dbf9b3bb52f4acdd984882bb79c28459') in 0.073241 seconds
  Import took 0.078345 seconds .

========================================================================
Received Import Request.
  Time since last request: 0.000368 seconds.
  path: Assets/Karting/Art/Materials/Level/TemplateEnvironment.mat
  artifactKey: Guid(d11179e416c9b394c8176d36a0dcae52) Importer(815301076,1909f56bfc062723c751e8b465ee728b)
Start importing Assets/Karting/Art/Materials/Level/TemplateEnvironment.mat using Guid(d11179e416c9b394c8176d36a0dcae52) Importer(815301076,1909f56bfc062723c751e8b465ee728b)  -> (artifact id: '6e721547d66ce6f3c3237ea93a122293') in 0.009648 seconds
  Import took 0.015070 seconds .

========================================================================
Received Import Request.
  Time since last request: 0.000423 seconds.
  path: Assets/Karting/Art/Materials/Level/CurvedRamp.mat
  artifactKey: Guid(ee7f46bd01c51304eb1c70ef2a97b5b9) Importer(815301076,1909f56bfc062723c751e8b465ee728b)
Start importing Assets/Karting/Art/Materials/Level/CurvedRamp.mat using Guid(ee7f46bd01c51304eb1c70ef2a97b5b9) Importer(815301076,1909f56bfc062723c751e8b465ee728b)  -> (artifact id: '8689a2965a81e4bc9303351504913bcd') in 0.053766 seconds
  Import took 0.061205 seconds .

========================================================================
Received Import Request.
  Time since last request: 0.000406 seconds.
  path: Assets/Karting/Art/Materials/Level/Rock.mat
  artifactKey: Guid(dbba4e34f617e43a695a20cd0f18b5ab) Importer(815301076,1909f56bfc062723c751e8b465ee728b)
Start importing Assets/Karting/Art/Materials/Level/Rock.mat using Guid(dbba4e34f617e43a695a20cd0f18b5ab) Importer(815301076,1909f56bfc062723c751e8b465ee728b)  -> (artifact id: '1fd1b499606fd77c57a2023d5c017714') in 0.133874 seconds
  Import took 0.138893 seconds .

AssetImportWorkerClient::OnTransportError - code=2 error=End of file
