Base path: 'D:/Unity/Editors/2020.3.3f1/Editor/Data', plugins path 'D:/Unity/Editors/2020.3.3f1/Editor/Data/PlaybackEngines'
Cmd: initializeCompiler

Cmd: compileComputeKernel
  insize=713 path=D:/Proyectos Unity/Trabajo SCBIO/Kart_Unity/KartSCBIO/Library/PackageCache/com.unity.barracuda@1.4.0-preview/Barracuda/Runtime/Core/Resources/Barracuda/ActivationA.compute kernel=Relu_FlatStrict cachingPP=1 ppOnly=0 stripLineD=0 buildPlatform=19 km=<UNITY_VERSION=202033> pKW=UNITY_ENABLE_REFLECTION_BUFFERS UNITY_USE_DITHER_MASK_FOR_ALPHABLENDED_SHADOWS UNITY_PBS_USE_BRDF1 UNITY_SPECCUBE_BOX_PROJECTION UNITY_SPECCUBE_BLENDING UNITY_ENABLE_DETAIL_NORMALMAP SHADER_API_DESKTOP UNITY_COLORSPACE_GAMMA UNITY_LIGHT_PROBE_PROXY_VOLUME UNITY_LIGHTMAP_FULL_HDR uKW=SHADER_STAGE_COMPUTE platform=d3d11 flags=0  error: 2 plat 25 at ActivationA.compute(33): Couldn't open include file 'Activation.cginc'.
 ok=0 outsize=0

Cmd: compileComputeKernel
  insize=713 path=D:/Proyectos Unity/Trabajo SCBIO/Kart_Unity/KartSCBIO/Library/PackageCache/com.unity.barracuda@1.4.0-preview/Barracuda/Runtime/Core/Resources/Barracuda/ActivationA.compute kernel=Swish_Loop cachingPP=1 ppOnly=0 stripLineD=0 buildPlatform=19 km=<UNITY_VERSION=202033> pKW=UNITY_ENABLE_REFLECTION_BUFFERS UNITY_USE_DITHER_MASK_FOR_ALPHABLENDED_SHADOWS UNITY_PBS_USE_BRDF1 UNITY_SPECCUBE_BOX_PROJECTION UNITY_SPECCUBE_BLENDING UNITY_ENABLE_DETAIL_NORMALMAP SHADER_API_DESKTOP UNITY_COLORSPACE_GAMMA UNITY_LIGHT_PROBE_PROXY_VOLUME UNITY_LIGHTMAP_FULL_HDR uKW=SHADER_STAGE_COMPUTE platform=d3d11 flags=0  error: 2 plat 25 at ActivationA.compute(33): Couldn't open include file 'Activation.cginc'.
 ok=0 outsize=0

Cmd: compileComputeKernel
  insize=713 path=D:/Proyectos Unity/Trabajo SCBIO/Kart_Unity/KartSCBIO/Library/PackageCache/com.unity.barracuda@1.4.0-preview/Barracuda/Runtime/Core/Resources/Barracuda/ActivationA.compute kernel=Clip_Flat cachingPP=1 ppOnly=0 stripLineD=0 buildPlatform=19 km=<UNITY_VERSION=202033> pKW=UNITY_ENABLE_REFLECTION_BUFFERS UNITY_USE_DITHER_MASK_FOR_ALPHABLENDED_SHADOWS UNITY_PBS_USE_BRDF1 UNITY_SPECCUBE_BOX_PROJECTION UNITY_SPECCUBE_BLENDING UNITY_ENABLE_DETAIL_NORMALMAP SHADER_API_DESKTOP UNITY_COLORSPACE_GAMMA UNITY_LIGHT_PROBE_PROXY_VOLUME UNITY_LIGHTMAP_FULL_HDR uKW=SHADER_STAGE_COMPUTE platform=d3d11 flags=0  error: 2 plat 25 at ActivationA.compute(33): Couldn't open include file 'Activation.cginc'.
 ok=0 outsize=0

Cmd: compileComputeKernel
  insize=924 path=D:/Proyectos Unity/Trabajo SCBIO/Kart_Unity/KartSCBIO/Library/PackageCache/com.unity.barracuda@1.4.0-preview/Barracuda/Runtime/Core/Resources/Barracuda/Broadcast_NCHW.compute kernel=BroadcastSub_NCHW cachingPP=1 ppOnly=0 stripLineD=0 buildPlatform=19 km=<CHANNELS_FIRST=1>,<UNITY_VERSION=202033> pKW=UNITY_ENABLE_REFLECTION_BUFFERS UNITY_USE_DITHER_MASK_FOR_ALPHABLENDED_SHADOWS UNITY_PBS_USE_BRDF1 UNITY_SPECCUBE_BOX_PROJECTION UNITY_SPECCUBE_BLENDING UNITY_ENABLE_DETAIL_NORMALMAP SHADER_API_DESKTOP UNITY_COLORSPACE_GAMMA UNITY_LIGHT_PROBE_PROXY_VOLUME UNITY_LIGHTMAP_FULL_HDR uKW=SHADER_STAGE_COMPUTE platform=d3d11 flags=0  error: 2 plat 25 at Broadcast_NCHW.compute(19): Couldn't open include file 'Broadcast.cginc'.
 ok=0 outsize=0

Cmd: compileComputeKernel
  insize=924 path=D:/Proyectos Unity/Trabajo SCBIO/Kart_Unity/KartSCBIO/Library/PackageCache/com.unity.barracuda@1.4.0-preview/Barracuda/Runtime/Core/Resources/Barracuda/Broadcast_NCHW.compute kernel=BroadcastLogicalAnd_NCHW cachingPP=1 ppOnly=0 stripLineD=0 buildPlatform=19 km=<CHANNELS_FIRST=1>,<UNITY_VERSION=202033> pKW=UNITY_ENABLE_REFLECTION_BUFFERS UNITY_USE_DITHER_MASK_FOR_ALPHABLENDED_SHADOWS UNITY_PBS_USE_BRDF1 UNITY_SPECCUBE_BOX_PROJECTION UNITY_SPECCUBE_BLENDING UNITY_ENABLE_DETAIL_NORMALMAP SHADER_API_DESKTOP UNITY_COLORSPACE_GAMMA UNITY_LIGHT_PROBE_PROXY_VOLUME UNITY_LIGHTMAP_FULL_HDR uKW=SHADER_STAGE_COMPUTE platform=d3d11 flags=0  error: 2 plat 25 at Broadcast_NCHW.compute(19): Couldn't open include file 'Broadcast.cginc'.
 ok=0 outsize=0

Cmd: compileComputeKernel
  insize=13347 path=D:/Proyectos Unity/Trabajo SCBIO/Kart_Unity/KartSCBIO/Library/PackageCache/com.unity.barracuda@1.4.0-preview/Barracuda/Runtime/Core/Resources/Barracuda/Conv3d.compute kernel=Conv3D_NCHW cachingPP=1 ppOnly=0 stripLineD=0 buildPlatform=19 km=<CHANNELS_FIRST=1>,<UNITY_VERSION=202033> pKW=UNITY_ENABLE_REFLECTION_BUFFERS UNITY_USE_DITHER_MASK_FOR_ALPHABLENDED_SHADOWS UNITY_PBS_USE_BRDF1 UNITY_SPECCUBE_BOX_PROJECTION UNITY_SPECCUBE_BLENDING UNITY_ENABLE_DETAIL_NORMALMAP SHADER_API_DESKTOP UNITY_COLORSPACE_GAMMA UNITY_LIGHT_PROBE_PROXY_VOLUME UNITY_LIGHTMAP_FULL_HDR uKW=SHADER_STAGE_COMPUTE platform=d3d11 flags=0  error: 2 plat 25 at Conv3d.compute(9): Couldn't open include file 'Tensor.cginc'.
 ok=0 outsize=0

Cmd: compileComputeKernel
  insize=13703 path=D:/Proyectos Unity/Trabajo SCBIO/Kart_Unity/KartSCBIO/Library/PackageCache/com.unity.barracuda@1.4.0-preview/Barracuda/Runtime/Core/Resources/Barracuda/Generic.compute kernel=ScaleBias_Loop_NHWC cachingPP=1 ppOnly=0 stripLineD=0 buildPlatform=19 km=<CHANNELS_FIRST=0>,<UNITY_VERSION=202033> pKW=UNITY_ENABLE_REFLECTION_BUFFERS UNITY_USE_DITHER_MASK_FOR_ALPHABLENDED_SHADOWS UNITY_PBS_USE_BRDF1 UNITY_SPECCUBE_BOX_PROJECTION UNITY_SPECCUBE_BLENDING UNITY_ENABLE_DETAIL_NORMALMAP SHADER_API_DESKTOP UNITY_COLORSPACE_GAMMA UNITY_LIGHT_PROBE_PROXY_VOLUME UNITY_LIGHTMAP_FULL_HDR uKW=SHADER_STAGE_COMPUTE platform=d3d11 flags=0  error: 2 plat 25 at Generic.compute(28): Couldn't open include file 'Tensor.cginc'.
 ok=0 outsize=0

Cmd: compileComputeKernel
  insize=13703 path=D:/Proyectos Unity/Trabajo SCBIO/Kart_Unity/KartSCBIO/Library/PackageCache/com.unity.barracuda@1.4.0-preview/Barracuda/Runtime/Core/Resources/Barracuda/Generic.compute kernel=Upsample2D_NHWC cachingPP=1 ppOnly=0 stripLineD=0 buildPlatform=19 km=<CHANNELS_FIRST=0>,<UNITY_VERSION=202033> pKW=UNITY_ENABLE_REFLECTION_BUFFERS UNITY_USE_DITHER_MASK_FOR_ALPHABLENDED_SHADOWS UNITY_PBS_USE_BRDF1 UNITY_SPECCUBE_BOX_PROJECTION UNITY_SPECCUBE_BLENDING UNITY_ENABLE_DETAIL_NORMALMAP SHADER_API_DESKTOP UNITY_COLORSPACE_GAMMA UNITY_LIGHT_PROBE_PROXY_VOLUME UNITY_LIGHTMAP_FULL_HDR uKW=SHADER_STAGE_COMPUTE platform=d3d11 flags=0  error: 2 plat 25 at Generic.compute(28): Couldn't open include file 'Tensor.cginc'.
 ok=0 outsize=0

Cmd: compileComputeKernel
  insize=13703 path=D:/Proyectos Unity/Trabajo SCBIO/Kart_Unity/KartSCBIO/Library/PackageCache/com.unity.barracuda@1.4.0-preview/Barracuda/Runtime/Core/Resources/Barracuda/Generic.compute kernel=ReshapeFromNHWCModel_Loop_NCHW cachingPP=1 ppOnly=0 stripLineD=0 buildPlatform=19 km=<CHANNELS_FIRST=1>,<UNITY_VERSION=202033> pKW=UNITY_ENABLE_REFLECTION_BUFFERS UNITY_USE_DITHER_MASK_FOR_ALPHABLENDED_SHADOWS UNITY_PBS_USE_BRDF1 UNITY_SPECCUBE_BOX_PROJECTION UNITY_SPECCUBE_BLENDING UNITY_ENABLE_DETAIL_NORMALMAP SHADER_API_DESKTOP UNITY_COLORSPACE_GAMMA UNITY_LIGHT_PROBE_PROXY_VOLUME UNITY_LIGHTMAP_FULL_HDR uKW=SHADER_STAGE_COMPUTE platform=d3d11 flags=0  error: 2 plat 25 at Generic.compute(28): Couldn't open include file 'Tensor.cginc'.
 ok=0 outsize=0

Cmd: compileComputeKernel
  insize=11889 path=D:/Proyectos Unity/Trabajo SCBIO/Kart_Unity/KartSCBIO/Library/PackageCache/com.unity.barracuda@1.4.0-preview/Barracuda/Runtime/Core/Resources/Barracuda/Reduce.compute kernel=PartialReduceMax cachingPP=1 ppOnly=0 stripLineD=0 buildPlatform=19 km=<LOOP=0>,<REDUCEMAX=1>,<PARTIALSUFFIX=PartialReduceMax>,<UNITY_VERSION=202033> pKW=UNITY_ENABLE_REFLECTION_BUFFERS UNITY_USE_DITHER_MASK_FOR_ALPHABLENDED_SHADOWS UNITY_PBS_USE_BRDF1 UNITY_SPECCUBE_BOX_PROJECTION UNITY_SPECCUBE_BLENDING UNITY_ENABLE_DETAIL_NORMALMAP SHADER_API_DESKTOP UNITY_COLORSPACE_GAMMA UNITY_LIGHT_PROBE_PROXY_VOLUME UNITY_LIGHTMAP_FULL_HDR uKW=SHADER_STAGE_COMPUTE platform=d3d11 flags=0  error: 2 plat 25 at Reduce.compute(26): Couldn't open include file 'Tensor.cginc'.
 ok=0 outsize=0

Cmd: compileComputeKernel
  insize=11889 path=D:/Proyectos Unity/Trabajo SCBIO/Kart_Unity/KartSCBIO/Library/PackageCache/com.unity.barracuda@1.4.0-preview/Barracuda/Runtime/Core/Resources/Barracuda/Reduce.compute kernel=PartialReduceMean cachingPP=1 ppOnly=0 stripLineD=0 buildPlatform=19 km=<LOOP=0>,<REDUCEMEAN=1>,<PARTIALSUFFIX=PartialReduceMean>,<UNITY_VERSION=202033> pKW=UNITY_ENABLE_REFLECTION_BUFFERS UNITY_USE_DITHER_MASK_FOR_ALPHABLENDED_SHADOWS UNITY_PBS_USE_BRDF1 UNITY_SPECCUBE_BOX_PROJECTION UNITY_SPECCUBE_BLENDING UNITY_ENABLE_DETAIL_NORMALMAP SHADER_API_DESKTOP UNITY_COLORSPACE_GAMMA UNITY_LIGHT_PROBE_PROXY_VOLUME UNITY_LIGHTMAP_FULL_HDR uKW=SHADER_STAGE_COMPUTE platform=d3d11 flags=0  error: 2 plat 25 at Reduce.compute(26): Couldn't open include file 'Tensor.cginc'.
 ok=0 outsize=0

Cmd: compileComputeKernel
  insize=76435 path=D:/Proyectos Unity/Trabajo SCBIO/Kart_Unity/KartSCBIO/Library/PackageCache/com.unity.barracuda@1.4.0-preview/Barracuda/Runtime/Core/Resources/Barracuda/Dense.compute kernel=DenseTiled32x32 cachingPP=1 ppOnly=0 stripLineD=0 buildPlatform=19 km=<UNITY_VERSION=202033> pKW=UNITY_ENABLE_REFLECTION_BUFFERS UNITY_USE_DITHER_MASK_FOR_ALPHABLENDED_SHADOWS UNITY_PBS_USE_BRDF1 UNITY_SPECCUBE_BOX_PROJECTION UNITY_SPECCUBE_BLENDING UNITY_ENABLE_DETAIL_NORMALMAP SHADER_API_DESKTOP UNITY_COLORSPACE_GAMMA UNITY_LIGHT_PROBE_PROXY_VOLUME UNITY_LIGHTMAP_FULL_HDR uKW=SHADER_STAGE_COMPUTE platform=d3d11 flags=0  error: 2 plat 25 at Dense.compute(19): Couldn't open include file 'Tensor.cginc'.
 ok=0 outsize=0

Cmd: compileComputeKernel
  insize=3157 path=D:/Proyectos Unity/Trabajo SCBIO/Kart_Unity/KartSCBIO/Library/PackageCache/com.unity.barracuda@1.4.0-preview/Barracuda/Runtime/Core/Resources/Barracuda/Transpose.compute kernel=Transpose_NHWC cachingPP=1 ppOnly=0 stripLineD=0 buildPlatform=19 km=<CHANNELS_FIRST=0>,<UNITY_VERSION=202033> pKW=UNITY_ENABLE_REFLECTION_BUFFERS UNITY_USE_DITHER_MASK_FOR_ALPHABLENDED_SHADOWS UNITY_PBS_USE_BRDF1 UNITY_SPECCUBE_BOX_PROJECTION UNITY_SPECCUBE_BLENDING UNITY_ENABLE_DETAIL_NORMALMAP SHADER_API_DESKTOP UNITY_COLORSPACE_GAMMA UNITY_LIGHT_PROBE_PROXY_VOLUME UNITY_LIGHTMAP_FULL_HDR uKW=SHADER_STAGE_COMPUTE platform=d3d11 flags=0  error: 2 plat 25 at Transpose.compute(6): Couldn't open include file 'Tensor.cginc'.
 ok=0 outsize=0

Cmd: compileComputeKernel
  insize=81665 path=D:/Proyectos Unity/Trabajo SCBIO/Kart_Unity/KartSCBIO/Library/PackageCache/com.unity.barracuda@1.4.0-preview/Barracuda/Runtime/Core/Resources/Barracuda/BarracudaReferenceImpl.compute kernel=Dense3_NHWC cachingPP=1 ppOnly=0 stripLineD=0 buildPlatform=19 km=<CHANNELS_FIRST=0>,<UNITY_VERSION=202033> pKW=UNITY_ENABLE_REFLECTION_BUFFERS UNITY_USE_DITHER_MASK_FOR_ALPHABLENDED_SHADOWS UNITY_PBS_USE_BRDF1 UNITY_SPECCUBE_BOX_PROJECTION UNITY_SPECCUBE_BLENDING UNITY_ENABLE_DETAIL_NORMALMAP SHADER_API_DESKTOP UNITY_COLORSPACE_GAMMA UNITY_LIGHT_PROBE_PROXY_VOLUME UNITY_LIGHTMAP_FULL_HDR uKW=SHADER_STAGE_COMPUTE platform=d3d11 flags=0  error: 2 plat 25 at BarracudaReferenceImpl.compute(204): Couldn't open include file 'Tensor.cginc'.
 ok=0 outsize=0

Cmd: compileComputeKernel
  insize=81665 path=D:/Proyectos Unity/Trabajo SCBIO/Kart_Unity/KartSCBIO/Library/PackageCache/com.unity.barracuda@1.4.0-preview/Barracuda/Runtime/Core/Resources/Barracuda/BarracudaReferenceImpl.compute kernel=Conv2DWinograd_2x2_3x3_NHWC cachingPP=1 ppOnly=0 stripLineD=0 buildPlatform=19 km=<CHANNELS_FIRST=0>,<UNITY_VERSION=202033> pKW=UNITY_ENABLE_REFLECTION_BUFFERS UNITY_USE_DITHER_MASK_FOR_ALPHABLENDED_SHADOWS UNITY_PBS_USE_BRDF1 UNITY_SPECCUBE_BOX_PROJECTION UNITY_SPECCUBE_BLENDING UNITY_ENABLE_DETAIL_NORMALMAP SHADER_API_DESKTOP UNITY_COLORSPACE_GAMMA UNITY_LIGHT_PROBE_PROXY_VOLUME UNITY_LIGHTMAP_FULL_HDR uKW=SHADER_STAGE_COMPUTE platform=d3d11 flags=0  error: 2 plat 25 at BarracudaReferenceImpl.compute(204): Couldn't open include file 'Tensor.cginc'.
 ok=0 outsize=0

Cmd: compileComputeKernel
  insize=81665 path=D:/Proyectos Unity/Trabajo SCBIO/Kart_Unity/KartSCBIO/Library/PackageCache/com.unity.barracuda@1.4.0-preview/Barracuda/Runtime/Core/Resources/Barracuda/BarracudaReferenceImpl.compute kernel=Conv2DTrans_NCHW cachingPP=1 ppOnly=0 stripLineD=0 buildPlatform=19 km=<CHANNELS_FIRST=1>,<UNITY_VERSION=202033> pKW=UNITY_ENABLE_REFLECTION_BUFFERS UNITY_USE_DITHER_MASK_FOR_ALPHABLENDED_SHADOWS UNITY_PBS_USE_BRDF1 UNITY_SPECCUBE_BOX_PROJECTION UNITY_SPECCUBE_BLENDING UNITY_ENABLE_DETAIL_NORMALMAP SHADER_API_DESKTOP UNITY_COLORSPACE_GAMMA UNITY_LIGHT_PROBE_PROXY_VOLUME UNITY_LIGHTMAP_FULL_HDR uKW=SHADER_STAGE_COMPUTE platform=d3d11 flags=0  error: 2 plat 25 at BarracudaReferenceImpl.compute(204): Couldn't open include file 'Tensor.cginc'.
 ok=0 outsize=0

Cmd: compileComputeKernel
  insize=81665 path=D:/Proyectos Unity/Trabajo SCBIO/Kart_Unity/KartSCBIO/Library/PackageCache/com.unity.barracuda@1.4.0-preview/Barracuda/Runtime/Core/Resources/Barracuda/BarracudaReferenceImpl.compute kernel=GlobalMaxPool2D_NCHW cachingPP=1 ppOnly=0 stripLineD=0 buildPlatform=19 km=<CHANNELS_FIRST=1>,<UNITY_VERSION=202033> pKW=UNITY_ENABLE_REFLECTION_BUFFERS UNITY_USE_DITHER_MASK_FOR_ALPHABLENDED_SHADOWS UNITY_PBS_USE_BRDF1 UNITY_SPECCUBE_BOX_PROJECTION UNITY_SPECCUBE_BLENDING UNITY_ENABLE_DETAIL_NORMALMAP SHADER_API_DESKTOP UNITY_COLORSPACE_GAMMA UNITY_LIGHT_PROBE_PROXY_VOLUME UNITY_LIGHTMAP_FULL_HDR uKW=SHADER_STAGE_COMPUTE platform=d3d11 flags=0  error: 2 plat 25 at BarracudaReferenceImpl.compute(204): Couldn't open include file 'Tensor.cginc'.
 ok=0 outsize=0

Cmd: compileComputeKernel
  insize=81665 path=D:/Proyectos Unity/Trabajo SCBIO/Kart_Unity/KartSCBIO/Library/PackageCache/com.unity.barracuda@1.4.0-preview/Barracuda/Runtime/Core/Resources/Barracuda/BarracudaReferenceImpl.compute kernel=ScaleBias_NCHW cachingPP=1 ppOnly=0 stripLineD=0 buildPlatform=19 km=<CHANNELS_FIRST=1>,<UNITY_VERSION=202033> pKW=UNITY_ENABLE_REFLECTION_BUFFERS UNITY_USE_DITHER_MASK_FOR_ALPHABLENDED_SHADOWS UNITY_PBS_USE_BRDF1 UNITY_SPECCUBE_BOX_PROJECTION UNITY_SPECCUBE_BLENDING UNITY_ENABLE_DETAIL_NORMALMAP SHADER_API_DESKTOP UNITY_COLORSPACE_GAMMA UNITY_LIGHT_PROBE_PROXY_VOLUME UNITY_LIGHTMAP_FULL_HDR uKW=SHADER_STAGE_COMPUTE platform=d3d11 flags=0  error: 2 plat 25 at BarracudaReferenceImpl.compute(204): Couldn't open include file 'Tensor.cginc'.
 ok=0 outsize=0

Cmd: compileComputeKernel
  insize=81665 path=D:/Proyectos Unity/Trabajo SCBIO/Kart_Unity/KartSCBIO/Library/PackageCache/com.unity.barracuda@1.4.0-preview/Barracuda/Runtime/Core/Resources/Barracuda/BarracudaReferenceImpl.compute kernel=Abs_NHWC cachingPP=1 ppOnly=0 stripLineD=0 buildPlatform=19 km=<CHANNELS_FIRST=0>,<UNITY_VERSION=202033> pKW=UNITY_ENABLE_REFLECTION_BUFFERS UNITY_USE_DITHER_MASK_FOR_ALPHABLENDED_SHADOWS UNITY_PBS_USE_BRDF1 UNITY_SPECCUBE_BOX_PROJECTION UNITY_SPECCUBE_BLENDING UNITY_ENABLE_DETAIL_NORMALMAP SHADER_API_DESKTOP UNITY_COLORSPACE_GAMMA UNITY_LIGHT_PROBE_PROXY_VOLUME UNITY_LIGHTMAP_FULL_HDR uKW=SHADER_STAGE_COMPUTE platform=d3d11 flags=0  error: 2 plat 25 at BarracudaReferenceImpl.compute(204): Couldn't open include file 'Tensor.cginc'.
 ok=0 outsize=0

Cmd: compileComputeKernel
  insize=81665 path=D:/Proyectos Unity/Trabajo SCBIO/Kart_Unity/KartSCBIO/Library/PackageCache/com.unity.barracuda@1.4.0-preview/Barracuda/Runtime/Core/Resources/Barracuda/BarracudaReferenceImpl.compute kernel=Floor_NHWC cachingPP=1 ppOnly=0 stripLineD=0 buildPlatform=19 km=<CHANNELS_FIRST=0>,<UNITY_VERSION=202033> pKW=UNITY_ENABLE_REFLECTION_BUFFERS UNITY_USE_DITHER_MASK_FOR_ALPHABLENDED_SHADOWS UNITY_PBS_USE_BRDF1 UNITY_SPECCUBE_BOX_PROJECTION UNITY_SPECCUBE_BLENDING UNITY_ENABLE_DETAIL_NORMALMAP SHADER_API_DESKTOP UNITY_COLORSPACE_GAMMA UNITY_LIGHT_PROBE_PROXY_VOLUME UNITY_LIGHTMAP_FULL_HDR uKW=SHADER_STAGE_COMPUTE platform=d3d11 flags=0  error: 2 plat 25 at BarracudaReferenceImpl.compute(204): Couldn't open include file 'Tensor.cginc'.
 ok=0 outsize=0

Cmd: compileComputeKernel
  insize=81665 path=D:/Proyectos Unity/Trabajo SCBIO/Kart_Unity/KartSCBIO/Library/PackageCache/com.unity.barracuda@1.4.0-preview/Barracuda/Runtime/Core/Resources/Barracuda/BarracudaReferenceImpl.compute kernel=LogSoftmax_NHWC cachingPP=1 ppOnly=0 stripLineD=0 buildPlatform=19 km=<CHANNELS_FIRST=0>,<UNITY_VERSION=202033> pKW=UNITY_ENABLE_REFLECTION_BUFFERS UNITY_USE_DITHER_MASK_FOR_ALPHABLENDED_SHADOWS UNITY_PBS_USE_BRDF1 UNITY_SPECCUBE_BOX_PROJECTION UNITY_SPECCUBE_BLENDING UNITY_ENABLE_DETAIL_NORMALMAP SHADER_API_DESKTOP UNITY_COLORSPACE_GAMMA UNITY_LIGHT_PROBE_PROXY_VOLUME UNITY_LIGHTMAP_FULL_HDR uKW=SHADER_STAGE_COMPUTE platform=d3d11 flags=0  error: 2 plat 25 at BarracudaReferenceImpl.compute(204): Couldn't open include file 'Tensor.cginc'.
 ok=0 outsize=0

Cmd: compileComputeKernel
  insize=81665 path=D:/Proyectos Unity/Trabajo SCBIO/Kart_Unity/KartSCBIO/Library/PackageCache/com.unity.barracuda@1.4.0-preview/Barracuda/Runtime/Core/Resources/Barracuda/BarracudaReferenceImpl.compute kernel=Softplus_NCHW cachingPP=1 ppOnly=0 stripLineD=0 buildPlatform=19 km=<CHANNELS_FIRST=1>,<UNITY_VERSION=202033> pKW=UNITY_ENABLE_REFLECTION_BUFFERS UNITY_USE_DITHER_MASK_FOR_ALPHABLENDED_SHADOWS UNITY_PBS_USE_BRDF1 UNITY_SPECCUBE_BOX_PROJECTION UNITY_SPECCUBE_BLENDING UNITY_ENABLE_DETAIL_NORMALMAP SHADER_API_DESKTOP UNITY_COLORSPACE_GAMMA UNITY_LIGHT_PROBE_PROXY_VOLUME UNITY_LIGHTMAP_FULL_HDR uKW=SHADER_STAGE_COMPUTE platform=d3d11 flags=0  error: 2 plat 25 at BarracudaReferenceImpl.compute(204): Couldn't open include file 'Tensor.cginc'.
 ok=0 outsize=0

Cmd: compileComputeKernel
  insize=81665 path=D:/Proyectos Unity/Trabajo SCBIO/Kart_Unity/KartSCBIO/Library/PackageCache/com.unity.barracuda@1.4.0-preview/Barracuda/Runtime/Core/Resources/Barracuda/BarracudaReferenceImpl.compute kernel=Relu6_NHWC cachingPP=1 ppOnly=0 stripLineD=0 buildPlatform=19 km=<CHANNELS_FIRST=0>,<UNITY_VERSION=202033> pKW=UNITY_ENABLE_REFLECTION_BUFFERS UNITY_USE_DITHER_MASK_FOR_ALPHABLENDED_SHADOWS UNITY_PBS_USE_BRDF1 UNITY_SPECCUBE_BOX_PROJECTION UNITY_SPECCUBE_BLENDING UNITY_ENABLE_DETAIL_NORMALMAP SHADER_API_DESKTOP UNITY_COLORSPACE_GAMMA UNITY_LIGHT_PROBE_PROXY_VOLUME UNITY_LIGHTMAP_FULL_HDR uKW=SHADER_STAGE_COMPUTE platform=d3d11 flags=0  error: 2 plat 25 at BarracudaReferenceImpl.compute(204): Couldn't open include file 'Tensor.cginc'.
 ok=0 outsize=0

Cmd: compileComputeKernel
  insize=81665 path=D:/Proyectos Unity/Trabajo SCBIO/Kart_Unity/KartSCBIO/Library/PackageCache/com.unity.barracuda@1.4.0-preview/Barracuda/Runtime/Core/Resources/Barracuda/BarracudaReferenceImpl.compute kernel=LeakyRelu_NHWC cachingPP=1 ppOnly=0 stripLineD=0 buildPlatform=19 km=<CHANNELS_FIRST=0>,<UNITY_VERSION=202033> pKW=UNITY_ENABLE_REFLECTION_BUFFERS UNITY_USE_DITHER_MASK_FOR_ALPHABLENDED_SHADOWS UNITY_PBS_USE_BRDF1 UNITY_SPECCUBE_BOX_PROJECTION UNITY_SPECCUBE_BLENDING UNITY_ENABLE_DETAIL_NORMALMAP SHADER_API_DESKTOP UNITY_COLORSPACE_GAMMA UNITY_LIGHT_PROBE_PROXY_VOLUME UNITY_LIGHTMAP_FULL_HDR uKW=SHADER_STAGE_COMPUTE platform=d3d11 flags=0  error: 2 plat 25 at BarracudaReferenceImpl.compute(204): Couldn't open include file 'Tensor.cginc'.
 ok=0 outsize=0

Cmd: compileComputeKernel
  insize=81665 path=D:/Proyectos Unity/Trabajo SCBIO/Kart_Unity/KartSCBIO/Library/PackageCache/com.unity.barracuda@1.4.0-preview/Barracuda/Runtime/Core/Resources/Barracuda/BarracudaReferenceImpl.compute kernel=Exp_NHWC cachingPP=1 ppOnly=0 stripLineD=0 buildPlatform=19 km=<CHANNELS_FIRST=0>,<UNITY_VERSION=202033> pKW=UNITY_ENABLE_REFLECTION_BUFFERS UNITY_USE_DITHER_MASK_FOR_ALPHABLENDED_SHADOWS UNITY_PBS_USE_BRDF1 UNITY_SPECCUBE_BOX_PROJECTION UNITY_SPECCUBE_BLENDING UNITY_ENABLE_DETAIL_NORMALMAP SHADER_API_DESKTOP UNITY_COLORSPACE_GAMMA UNITY_LIGHT_PROBE_PROXY_VOLUME UNITY_LIGHTMAP_FULL_HDR uKW=SHADER_STAGE_COMPUTE platform=d3d11 flags=0  error: 2 plat 25 at BarracudaReferenceImpl.compute(204): Couldn't open include file 'Tensor.cginc'.
 ok=0 outsize=0

Cmd: compileComputeKernel
  insize=81665 path=D:/Proyectos Unity/Trabajo SCBIO/Kart_Unity/KartSCBIO/Library/PackageCache/com.unity.barracuda@1.4.0-preview/Barracuda/Runtime/Core/Resources/Barracuda/BarracudaReferenceImpl.compute kernel=Pow_NHWC cachingPP=1 ppOnly=0 stripLineD=0 buildPlatform=19 km=<CHANNELS_FIRST=0>,<UNITY_VERSION=202033> pKW=UNITY_ENABLE_REFLECTION_BUFFERS UNITY_USE_DITHER_MASK_FOR_ALPHABLENDED_SHADOWS UNITY_PBS_USE_BRDF1 UNITY_SPECCUBE_BOX_PROJECTION UNITY_SPECCUBE_BLENDING UNITY_ENABLE_DETAIL_NORMALMAP SHADER_API_DESKTOP UNITY_COLORSPACE_GAMMA UNITY_LIGHT_PROBE_PROXY_VOLUME UNITY_LIGHTMAP_FULL_HDR uKW=SHADER_STAGE_COMPUTE platform=d3d11 flags=0  error: 2 plat 25 at BarracudaReferenceImpl.compute(204): Couldn't open include file 'Tensor.cginc'.
 ok=0 outsize=0

Cmd: compileComputeKernel
  insize=81665 path=D:/Proyectos Unity/Trabajo SCBIO/Kart_Unity/KartSCBIO/Library/PackageCache/com.unity.barracuda@1.4.0-preview/Barracuda/Runtime/Core/Resources/Barracuda/BarracudaReferenceImpl.compute kernel=Asin_NCHW cachingPP=1 ppOnly=0 stripLineD=0 buildPlatform=19 km=<CHANNELS_FIRST=1>,<UNITY_VERSION=202033> pKW=UNITY_ENABLE_REFLECTION_BUFFERS UNITY_USE_DITHER_MASK_FOR_ALPHABLENDED_SHADOWS UNITY_PBS_USE_BRDF1 UNITY_SPECCUBE_BOX_PROJECTION UNITY_SPECCUBE_BLENDING UNITY_ENABLE_DETAIL_NORMALMAP SHADER_API_DESKTOP UNITY_COLORSPACE_GAMMA UNITY_LIGHT_PROBE_PROXY_VOLUME UNITY_LIGHTMAP_FULL_HDR uKW=SHADER_STAGE_COMPUTE platform=d3d11 flags=0  error: 2 plat 25 at BarracudaReferenceImpl.compute(204): Couldn't open include file 'Tensor.cginc'.
 ok=0 outsize=0

Cmd: compileComputeKernel
  insize=81665 path=D:/Proyectos Unity/Trabajo SCBIO/Kart_Unity/KartSCBIO/Library/PackageCache/com.unity.barracuda@1.4.0-preview/Barracuda/Runtime/Core/Resources/Barracuda/BarracudaReferenceImpl.compute kernel=Atanh_NCHW cachingPP=1 ppOnly=0 stripLineD=0 buildPlatform=19 km=<CHANNELS_FIRST=1>,<UNITY_VERSION=202033> pKW=UNITY_ENABLE_REFLECTION_BUFFERS UNITY_USE_DITHER_MASK_FOR_ALPHABLENDED_SHADOWS UNITY_PBS_USE_BRDF1 UNITY_SPECCUBE_BOX_PROJECTION UNITY_SPECCUBE_BLENDING UNITY_ENABLE_DETAIL_NORMALMAP SHADER_API_DESKTOP UNITY_COLORSPACE_GAMMA UNITY_LIGHT_PROBE_PROXY_VOLUME UNITY_LIGHTMAP_FULL_HDR uKW=SHADER_STAGE_COMPUTE platform=d3d11 flags=0  error: 2 plat 25 at BarracudaReferenceImpl.compute(204): Couldn't open include file 'Tensor.cginc'.
 ok=0 outsize=0

Cmd: compileComputeKernel
  insize=81665 path=D:/Proyectos Unity/Trabajo SCBIO/Kart_Unity/KartSCBIO/Library/PackageCache/com.unity.barracuda@1.4.0-preview/Barracuda/Runtime/Core/Resources/Barracuda/BarracudaReferenceImpl.compute kernel=Sin_NCHW cachingPP=1 ppOnly=0 stripLineD=0 buildPlatform=19 km=<CHANNELS_FIRST=1>,<UNITY_VERSION=202033> pKW=UNITY_ENABLE_REFLECTION_BUFFERS UNITY_USE_DITHER_MASK_FOR_ALPHABLENDED_SHADOWS UNITY_PBS_USE_BRDF1 UNITY_SPECCUBE_BOX_PROJECTION UNITY_SPECCUBE_BLENDING UNITY_ENABLE_DETAIL_NORMALMAP SHADER_API_DESKTOP UNITY_COLORSPACE_GAMMA UNITY_LIGHT_PROBE_PROXY_VOLUME UNITY_LIGHTMAP_FULL_HDR uKW=SHADER_STAGE_COMPUTE platform=d3d11 flags=0  error: 2 plat 25 at BarracudaReferenceImpl.compute(204): Couldn't open include file 'Tensor.cginc'.
 ok=0 outsize=0

Cmd: compileComputeKernel
  insize=81665 path=D:/Proyectos Unity/Trabajo SCBIO/Kart_Unity/KartSCBIO/Library/PackageCache/com.unity.barracuda@1.4.0-preview/Barracuda/Runtime/Core/Resources/Barracuda/BarracudaReferenceImpl.compute kernel=Clip_NHWC cachingPP=1 ppOnly=0 stripLineD=0 buildPlatform=19 km=<CHANNELS_FIRST=0>,<UNITY_VERSION=202033> pKW=UNITY_ENABLE_REFLECTION_BUFFERS UNITY_USE_DITHER_MASK_FOR_ALPHABLENDED_SHADOWS UNITY_PBS_USE_BRDF1 UNITY_SPECCUBE_BOX_PROJECTION UNITY_SPECCUBE_BLENDING UNITY_ENABLE_DETAIL_NORMALMAP SHADER_API_DESKTOP UNITY_COLORSPACE_GAMMA UNITY_LIGHT_PROBE_PROXY_VOLUME UNITY_LIGHTMAP_FULL_HDR uKW=SHADER_STAGE_COMPUTE platform=d3d11 flags=0  error: 2 plat 25 at BarracudaReferenceImpl.compute(204): Couldn't open include file 'Tensor.cginc'.
 ok=0 outsize=0

Cmd: compileComputeKernel
  insize=81665 path=D:/Proyectos Unity/Trabajo SCBIO/Kart_Unity/KartSCBIO/Library/PackageCache/com.unity.barracuda@1.4.0-preview/Barracuda/Runtime/Core/Resources/Barracuda/BarracudaReferenceImpl.compute kernel=Copy8D cachingPP=1 ppOnly=0 stripLineD=0 buildPlatform=19 km=<UNITY_VERSION=202033> pKW=UNITY_ENABLE_REFLECTION_BUFFERS UNITY_USE_DITHER_MASK_FOR_ALPHABLENDED_SHADOWS UNITY_PBS_USE_BRDF1 UNITY_SPECCUBE_BOX_PROJECTION UNITY_SPECCUBE_BLENDING UNITY_ENABLE_DETAIL_NORMALMAP SHADER_API_DESKTOP UNITY_COLORSPACE_GAMMA UNITY_LIGHT_PROBE_PROXY_VOLUME UNITY_LIGHTMAP_FULL_HDR uKW=SHADER_STAGE_COMPUTE platform=d3d11 flags=0  error: 2 plat 25 at BarracudaReferenceImpl.compute(204): Couldn't open include file 'Tensor.cginc'.
 ok=0 outsize=0

Cmd: compileComputeKernel
  insize=81665 path=D:/Proyectos Unity/Trabajo SCBIO/Kart_Unity/KartSCBIO/Library/PackageCache/com.unity.barracuda@1.4.0-preview/Barracuda/Runtime/Core/Resources/Barracuda/BarracudaReferenceImpl.compute kernel=BroadcastSub_NHWC cachingPP=1 ppOnly=0 stripLineD=0 buildPlatform=19 km=<CHANNELS_FIRST=0>,<UNITY_VERSION=202033> pKW=UNITY_ENABLE_REFLECTION_BUFFERS UNITY_USE_DITHER_MASK_FOR_ALPHABLENDED_SHADOWS UNITY_PBS_USE_BRDF1 UNITY_SPECCUBE_BOX_PROJECTION UNITY_SPECCUBE_BLENDING UNITY_ENABLE_DETAIL_NORMALMAP SHADER_API_DESKTOP UNITY_COLORSPACE_GAMMA UNITY_LIGHT_PROBE_PROXY_VOLUME UNITY_LIGHTMAP_FULL_HDR uKW=SHADER_STAGE_COMPUTE platform=d3d11 flags=0  error: 2 plat 25 at BarracudaReferenceImpl.compute(204): Couldn't open include file 'Tensor.cginc'.
 ok=0 outsize=0

Cmd: compileComputeKernel
  insize=81665 path=D:/Proyectos Unity/Trabajo SCBIO/Kart_Unity/KartSCBIO/Library/PackageCache/com.unity.barracuda@1.4.0-preview/Barracuda/Runtime/Core/Resources/Barracuda/BarracudaReferenceImpl.compute kernel=BroadcastPow_NHWC cachingPP=1 ppOnly=0 stripLineD=0 buildPlatform=19 km=<CHANNELS_FIRST=0>,<UNITY_VERSION=202033> pKW=UNITY_ENABLE_REFLECTION_BUFFERS UNITY_USE_DITHER_MASK_FOR_ALPHABLENDED_SHADOWS UNITY_PBS_USE_BRDF1 UNITY_SPECCUBE_BOX_PROJECTION UNITY_SPECCUBE_BLENDING UNITY_ENABLE_DETAIL_NORMALMAP SHADER_API_DESKTOP UNITY_COLORSPACE_GAMMA UNITY_LIGHT_PROBE_PROXY_VOLUME UNITY_LIGHTMAP_FULL_HDR uKW=SHADER_STAGE_COMPUTE platform=d3d11 flags=0  error: 2 plat 25 at BarracudaReferenceImpl.compute(204): Couldn't open include file 'Tensor.cginc'.
 ok=0 outsize=0

Cmd: compileComputeKernel
  insize=81665 path=D:/Proyectos Unity/Trabajo SCBIO/Kart_Unity/KartSCBIO/Library/PackageCache/com.unity.barracuda@1.4.0-preview/Barracuda/Runtime/Core/Resources/Barracuda/BarracudaReferenceImpl.compute kernel=BroadcastMax_NCHW cachingPP=1 ppOnly=0 stripLineD=0 buildPlatform=19 km=<CHANNELS_FIRST=1>,<UNITY_VERSION=202033> pKW=UNITY_ENABLE_REFLECTION_BUFFERS UNITY_USE_DITHER_MASK_FOR_ALPHABLENDED_SHADOWS UNITY_PBS_USE_BRDF1 UNITY_SPECCUBE_BOX_PROJECTION UNITY_SPECCUBE_BLENDING UNITY_ENABLE_DETAIL_NORMALMAP SHADER_API_DESKTOP UNITY_COLORSPACE_GAMMA UNITY_LIGHT_PROBE_PROXY_VOLUME UNITY_LIGHTMAP_FULL_HDR uKW=SHADER_STAGE_COMPUTE platform=d3d11 flags=0  error: 2 plat 25 at BarracudaReferenceImpl.compute(204): Couldn't open include file 'Tensor.cginc'.
 ok=0 outsize=0

Cmd: compileComputeKernel
  insize=81665 path=D:/Proyectos Unity/Trabajo SCBIO/Kart_Unity/KartSCBIO/Library/PackageCache/com.unity.barracuda@1.4.0-preview/Barracuda/Runtime/Core/Resources/Barracuda/BarracudaReferenceImpl.compute kernel=BroadcastGreaterEqual_NHWC cachingPP=1 ppOnly=0 stripLineD=0 buildPlatform=19 km=<CHANNELS_FIRST=0>,<UNITY_VERSION=202033> pKW=UNITY_ENABLE_REFLECTION_BUFFERS UNITY_USE_DITHER_MASK_FOR_ALPHABLENDED_SHADOWS UNITY_PBS_USE_BRDF1 UNITY_SPECCUBE_BOX_PROJECTION UNITY_SPECCUBE_BLENDING UNITY_ENABLE_DETAIL_NORMALMAP SHADER_API_DESKTOP UNITY_COLORSPACE_GAMMA UNITY_LIGHT_PROBE_PROXY_VOLUME UNITY_LIGHTMAP_FULL_HDR uKW=SHADER_STAGE_COMPUTE platform=d3d11 flags=0  error: 2 plat 25 at BarracudaReferenceImpl.compute(204): Couldn't open include file 'Tensor.cginc'.
 ok=0 outsize=0

Cmd: compileComputeKernel
  insize=81665 path=D:/Proyectos Unity/Trabajo SCBIO/Kart_Unity/KartSCBIO/Library/PackageCache/com.unity.barracuda@1.4.0-preview/Barracuda/Runtime/Core/Resources/Barracuda/BarracudaReferenceImpl.compute kernel=BroadcastLessEqual_NCHW cachingPP=1 ppOnly=0 stripLineD=0 buildPlatform=19 km=<CHANNELS_FIRST=1>,<UNITY_VERSION=202033> pKW=UNITY_ENABLE_REFLECTION_BUFFERS UNITY_USE_DITHER_MASK_FOR_ALPHABLENDED_SHADOWS UNITY_PBS_USE_BRDF1 UNITY_SPECCUBE_BOX_PROJECTION UNITY_SPECCUBE_BLENDING UNITY_ENABLE_DETAIL_NORMALMAP SHADER_API_DESKTOP UNITY_COLORSPACE_GAMMA UNITY_LIGHT_PROBE_PROXY_VOLUME UNITY_LIGHTMAP_FULL_HDR uKW=SHADER_STAGE_COMPUTE platform=d3d11 flags=0  error: 2 plat 25 at BarracudaReferenceImpl.compute(204): Couldn't open include file 'Tensor.cginc'.
 ok=0 outsize=0

Cmd: compileComputeKernel
  insize=81665 path=D:/Proyectos Unity/Trabajo SCBIO/Kart_Unity/KartSCBIO/Library/PackageCache/com.unity.barracuda@1.4.0-preview/Barracuda/Runtime/Core/Resources/Barracuda/BarracudaReferenceImpl.compute kernel=BroadcastLogicalAnd_NCHW cachingPP=1 ppOnly=0 stripLineD=0 buildPlatform=19 km=<CHANNELS_FIRST=1>,<UNITY_VERSION=202033> pKW=UNITY_ENABLE_REFLECTION_BUFFERS UNITY_USE_DITHER_MASK_FOR_ALPHABLENDED_SHADOWS UNITY_PBS_USE_BRDF1 UNITY_SPECCUBE_BOX_PROJECTION UNITY_SPECCUBE_BLENDING UNITY_ENABLE_DETAIL_NORMALMAP SHADER_API_DESKTOP UNITY_COLORSPACE_GAMMA UNITY_LIGHT_PROBE_PROXY_VOLUME UNITY_LIGHTMAP_FULL_HDR uKW=SHADER_STAGE_COMPUTE platform=d3d11 flags=0  error: 2 plat 25 at BarracudaReferenceImpl.compute(204): Couldn't open include file 'Tensor.cginc'.
 ok=0 outsize=0

Cmd: compileComputeKernel
  insize=81665 path=D:/Proyectos Unity/Trabajo SCBIO/Kart_Unity/KartSCBIO/Library/PackageCache/com.unity.barracuda@1.4.0-preview/Barracuda/Runtime/Core/Resources/Barracuda/BarracudaReferenceImpl.compute kernel=Sign_NCHW cachingPP=1 ppOnly=0 stripLineD=0 buildPlatform=19 km=<CHANNELS_FIRST=1>,<UNITY_VERSION=202033> pKW=UNITY_ENABLE_REFLECTION_BUFFERS UNITY_USE_DITHER_MASK_FOR_ALPHABLENDED_SHADOWS UNITY_PBS_USE_BRDF1 UNITY_SPECCUBE_BOX_PROJECTION UNITY_SPECCUBE_BLENDING UNITY_ENABLE_DETAIL_NORMALMAP SHADER_API_DESKTOP UNITY_COLORSPACE_GAMMA UNITY_LIGHT_PROBE_PROXY_VOLUME UNITY_LIGHTMAP_FULL_HDR uKW=SHADER_STAGE_COMPUTE platform=d3d11 flags=0  error: 2 plat 25 at BarracudaReferenceImpl.compute(204): Couldn't open include file 'Tensor.cginc'.
 ok=0 outsize=0

Cmd: compileComputeKernel
  insize=81665 path=D:/Proyectos Unity/Trabajo SCBIO/Kart_Unity/KartSCBIO/Library/PackageCache/com.unity.barracuda@1.4.0-preview/Barracuda/Runtime/Core/Resources/Barracuda/BarracudaReferenceImpl.compute kernel=ReduceMin_NHWC cachingPP=1 ppOnly=0 stripLineD=0 buildPlatform=19 km=<CHANNELS_FIRST=0>,<UNITY_VERSION=202033> pKW=UNITY_ENABLE_REFLECTION_BUFFERS UNITY_USE_DITHER_MASK_FOR_ALPHABLENDED_SHADOWS UNITY_PBS_USE_BRDF1 UNITY_SPECCUBE_BOX_PROJECTION UNITY_SPECCUBE_BLENDING UNITY_ENABLE_DETAIL_NORMALMAP SHADER_API_DESKTOP UNITY_COLORSPACE_GAMMA UNITY_LIGHT_PROBE_PROXY_VOLUME UNITY_LIGHTMAP_FULL_HDR uKW=SHADER_STAGE_COMPUTE platform=d3d11 flags=0  error: 2 plat 25 at BarracudaReferenceImpl.compute(204): Couldn't open include file 'Tensor.cginc'.
 ok=0 outsize=0

Cmd: compileComputeKernel
  insize=81665 path=D:/Proyectos Unity/Trabajo SCBIO/Kart_Unity/KartSCBIO/Library/PackageCache/com.unity.barracuda@1.4.0-preview/Barracuda/Runtime/Core/Resources/Barracuda/BarracudaReferenceImpl.compute kernel=ReduceMean_NCHW cachingPP=1 ppOnly=0 stripLineD=0 buildPlatform=19 km=<CHANNELS_FIRST=1>,<UNITY_VERSION=202033> pKW=UNITY_ENABLE_REFLECTION_BUFFERS UNITY_USE_DITHER_MASK_FOR_ALPHABLENDED_SHADOWS UNITY_PBS_USE_BRDF1 UNITY_SPECCUBE_BOX_PROJECTION UNITY_SPECCUBE_BLENDING UNITY_ENABLE_DETAIL_NORMALMAP SHADER_API_DESKTOP UNITY_COLORSPACE_GAMMA UNITY_LIGHT_PROBE_PROXY_VOLUME UNITY_LIGHTMAP_FULL_HDR uKW=SHADER_STAGE_COMPUTE platform=d3d11 flags=0  error: 2 plat 25 at BarracudaReferenceImpl.compute(204): Couldn't open include file 'Tensor.cginc'.
 ok=0 outsize=0

Cmd: compileComputeKernel
  insize=81665 path=D:/Proyectos Unity/Trabajo SCBIO/Kart_Unity/KartSCBIO/Library/PackageCache/com.unity.barracuda@1.4.0-preview/Barracuda/Runtime/Core/Resources/Barracuda/BarracudaReferenceImpl.compute kernel=Pad2DEdge_NCHW cachingPP=1 ppOnly=0 stripLineD=0 buildPlatform=19 km=<CHANNELS_FIRST=1>,<UNITY_VERSION=202033> pKW=UNITY_ENABLE_REFLECTION_BUFFERS UNITY_USE_DITHER_MASK_FOR_ALPHABLENDED_SHADOWS UNITY_PBS_USE_BRDF1 UNITY_SPECCUBE_BOX_PROJECTION UNITY_SPECCUBE_BLENDING UNITY_ENABLE_DETAIL_NORMALMAP SHADER_API_DESKTOP UNITY_COLORSPACE_GAMMA UNITY_LIGHT_PROBE_PROXY_VOLUME UNITY_LIGHTMAP_FULL_HDR uKW=SHADER_STAGE_COMPUTE platform=d3d11 flags=0  error: 2 plat 25 at BarracudaReferenceImpl.compute(204): Couldn't open include file 'Tensor.cginc'.
 ok=0 outsize=0

Cmd: compileComputeKernel
  insize=81665 path=D:/Proyectos Unity/Trabajo SCBIO/Kart_Unity/KartSCBIO/Library/PackageCache/com.unity.barracuda@1.4.0-preview/Barracuda/Runtime/Core/Resources/Barracuda/BarracudaReferenceImpl.compute kernel=StridedSlice_NCHW cachingPP=1 ppOnly=0 stripLineD=0 buildPlatform=19 km=<CHANNELS_FIRST=1>,<UNITY_VERSION=202033> pKW=UNITY_ENABLE_REFLECTION_BUFFERS UNITY_USE_DITHER_MASK_FOR_ALPHABLENDED_SHADOWS UNITY_PBS_USE_BRDF1 UNITY_SPECCUBE_BOX_PROJECTION UNITY_SPECCUBE_BLENDING UNITY_ENABLE_DETAIL_NORMALMAP SHADER_API_DESKTOP UNITY_COLORSPACE_GAMMA UNITY_LIGHT_PROBE_PROXY_VOLUME UNITY_LIGHTMAP_FULL_HDR uKW=SHADER_STAGE_COMPUTE platform=d3d11 flags=0  error: 2 plat 25 at BarracudaReferenceImpl.compute(204): Couldn't open include file 'Tensor.cginc'.
 ok=0 outsize=0

Cmd: compileComputeKernel
  insize=81665 path=D:/Proyectos Unity/Trabajo SCBIO/Kart_Unity/KartSCBIO/Library/PackageCache/com.unity.barracuda@1.4.0-preview/Barracuda/Runtime/Core/Resources/Barracuda/BarracudaReferenceImpl.compute kernel=Transpose8D cachingPP=1 ppOnly=0 stripLineD=0 buildPlatform=19 km=<UNITY_VERSION=202033> pKW=UNITY_ENABLE_REFLECTION_BUFFERS UNITY_USE_DITHER_MASK_FOR_ALPHABLENDED_SHADOWS UNITY_PBS_USE_BRDF1 UNITY_SPECCUBE_BOX_PROJECTION UNITY_SPECCUBE_BLENDING UNITY_ENABLE_DETAIL_NORMALMAP SHADER_API_DESKTOP UNITY_COLORSPACE_GAMMA UNITY_LIGHT_PROBE_PROXY_VOLUME UNITY_LIGHTMAP_FULL_HDR uKW=SHADER_STAGE_COMPUTE platform=d3d11 flags=0  error: 2 plat 25 at BarracudaReferenceImpl.compute(204): Couldn't open include file 'Tensor.cginc'.
 ok=0 outsize=0

Cmd: compileComputeKernel
  insize=81665 path=D:/Proyectos Unity/Trabajo SCBIO/Kart_Unity/KartSCBIO/Library/PackageCache/com.unity.barracuda@1.4.0-preview/Barracuda/Runtime/Core/Resources/Barracuda/BarracudaReferenceImpl.compute kernel=OneHot_NHWC cachingPP=1 ppOnly=0 stripLineD=0 buildPlatform=19 km=<CHANNELS_FIRST=0>,<UNITY_VERSION=202033> pKW=UNITY_ENABLE_REFLECTION_BUFFERS UNITY_USE_DITHER_MASK_FOR_ALPHABLENDED_SHADOWS UNITY_PBS_USE_BRDF1 UNITY_SPECCUBE_BOX_PROJECTION UNITY_SPECCUBE_BLENDING UNITY_ENABLE_DETAIL_NORMALMAP SHADER_API_DESKTOP UNITY_COLORSPACE_GAMMA UNITY_LIGHT_PROBE_PROXY_VOLUME UNITY_LIGHTMAP_FULL_HDR uKW=SHADER_STAGE_COMPUTE platform=d3d11 flags=0  error: 2 plat 25 at BarracudaReferenceImpl.compute(204): Couldn't open include file 'Tensor.cginc'.
 ok=0 outsize=0

Cmd: compileComputeKernel
  insize=4426 path=D:/Proyectos Unity/Trabajo SCBIO/Kart_Unity/KartSCBIO/Library/PackageCache/com.unity.barracuda@1.4.0-preview/Barracuda/Runtime/Core/Resources/Barracuda/Pad.compute kernel=Pad2DEdge_NHWC cachingPP=1 ppOnly=0 stripLineD=0 buildPlatform=19 km=<CHANNELS_FIRST=0>,<UNITY_VERSION=202033> pKW=UNITY_ENABLE_REFLECTION_BUFFERS UNITY_USE_DITHER_MASK_FOR_ALPHABLENDED_SHADOWS UNITY_PBS_USE_BRDF1 UNITY_SPECCUBE_BOX_PROJECTION UNITY_SPECCUBE_BLENDING UNITY_ENABLE_DETAIL_NORMALMAP SHADER_API_DESKTOP UNITY_COLORSPACE_GAMMA UNITY_LIGHT_PROBE_PROXY_VOLUME UNITY_LIGHTMAP_FULL_HDR uKW=SHADER_STAGE_COMPUTE platform=d3d11 flags=0  error: 2 plat 25 at Pad.compute(9): Couldn't open include file 'Tensor.cginc'.
 ok=0 outsize=0

Cmd: compileComputeKernel
  insize=451 path=D:/Proyectos Unity/Trabajo SCBIO/Kart_Unity/KartSCBIO/Library/PackageCache/com.unity.barracuda@1.4.0-preview/Barracuda/Runtime/Core/Resources/Barracuda/Pool_NHWC.compute kernel=AvgVariancePool2DReduce_NHWC cachingPP=1 ppOnly=0 stripLineD=0 buildPlatform=19 km=<CHANNELS_FIRST=0>,<UNITY_VERSION=202033> pKW=UNITY_ENABLE_REFLECTION_BUFFERS UNITY_USE_DITHER_MASK_FOR_ALPHABLENDED_SHADOWS UNITY_PBS_USE_BRDF1 UNITY_SPECCUBE_BOX_PROJECTION UNITY_SPECCUBE_BLENDING UNITY_ENABLE_DETAIL_NORMALMAP SHADER_API_DESKTOP UNITY_COLORSPACE_GAMMA UNITY_LIGHT_PROBE_PROXY_VOLUME UNITY_LIGHTMAP_FULL_HDR uKW=SHADER_STAGE_COMPUTE platform=d3d11 flags=0  error: 2 plat 25 at Pool_NHWC.compute(9): Couldn't open include file 'Pool.cginc'.
 ok=0 outsize=0

Cmd: compileComputeKernel
  insize=10283 path=D:/Proyectos Unity/Trabajo SCBIO/Kart_Unity/KartSCBIO/Library/PackageCache/com.unity.barracuda@1.4.0-preview/Barracuda/Runtime/Core/Resources/Barracuda/ActivationBase.compute kernel=Abs_FlatStrict cachingPP=1 ppOnly=0 stripLineD=0 buildPlatform=19 km=<UNITY_VERSION=202033> pKW=UNITY_ENABLE_REFLECTION_BUFFERS UNITY_USE_DITHER_MASK_FOR_ALPHABLENDED_SHADOWS UNITY_PBS_USE_BRDF1 UNITY_SPECCUBE_BOX_PROJECTION UNITY_SPECCUBE_BLENDING UNITY_ENABLE_DETAIL_NORMALMAP SHADER_API_DESKTOP UNITY_COLORSPACE_GAMMA UNITY_LIGHT_PROBE_PROXY_VOLUME UNITY_LIGHTMAP_FULL_HDR uKW=SHADER_STAGE_COMPUTE platform=d3d11 flags=0  error: 2 plat 25 at ActivationBase.compute(237): Couldn't open include file 'Activation.cginc'.
 ok=0 outsize=0

Cmd: compileComputeKernel
  insize=10283 path=D:/Proyectos Unity/Trabajo SCBIO/Kart_Unity/KartSCBIO/Library/PackageCache/com.unity.barracuda@1.4.0-preview/Barracuda/Runtime/Core/Resources/Barracuda/ActivationBase.compute kernel=Floor_Flat cachingPP=1 ppOnly=0 stripLineD=0 buildPlatform=19 km=<UNITY_VERSION=202033> pKW=UNITY_ENABLE_REFLECTION_BUFFERS UNITY_USE_DITHER_MASK_FOR_ALPHABLENDED_SHADOWS UNITY_PBS_USE_BRDF1 UNITY_SPECCUBE_BOX_PROJECTION UNITY_SPECCUBE_BLENDING UNITY_ENABLE_DETAIL_NORMALMAP SHADER_API_DESKTOP UNITY_COLORSPACE_GAMMA UNITY_LIGHT_PROBE_PROXY_VOLUME UNITY_LIGHTMAP_FULL_HDR uKW=SHADER_STAGE_COMPUTE platform=d3d11 flags=0  error: 2 plat 25 at ActivationBase.compute(237): Couldn't open include file 'Activation.cginc'.
 ok=0 outsize=0

Cmd: compileComputeKernel
  insize=10283 path=D:/Proyectos Unity/Trabajo SCBIO/Kart_Unity/KartSCBIO/Library/PackageCache/com.unity.barracuda@1.4.0-preview/Barracuda/Runtime/Core/Resources/Barracuda/ActivationBase.compute kernel=Selu_FlatStrict cachingPP=1 ppOnly=0 stripLineD=0 buildPlatform=19 km=<UNITY_VERSION=202033> pKW=UNITY_ENABLE_REFLECTION_BUFFERS UNITY_USE_DITHER_MASK_FOR_ALPHABLENDED_SHADOWS UNITY_PBS_USE_BRDF1 UNITY_SPECCUBE_BOX_PROJECTION UNITY_SPECCUBE_BLENDING UNITY_ENABLE_DETAIL_NORMALMAP SHADER_API_DESKTOP UNITY_COLORSPACE_GAMMA UNITY_LIGHT_PROBE_PROXY_VOLUME UNITY_LIGHTMAP_FULL_HDR uKW=SHADER_STAGE_COMPUTE platform=d3d11 flags=0  error: 2 plat 25 at ActivationBase.compute(237): Couldn't open include file 'Activation.cginc'.
 ok=0 outsize=0

Cmd: compileComputeKernel
  insize=10283 path=D:/Proyectos Unity/Trabajo SCBIO/Kart_Unity/KartSCBIO/Library/PackageCache/com.unity.barracuda@1.4.0-preview/Barracuda/Runtime/Core/Resources/Barracuda/ActivationBase.compute kernel=Exp_FlatStrict cachingPP=1 ppOnly=0 stripLineD=0 buildPlatform=19 km=<UNITY_VERSION=202033> pKW=UNITY_ENABLE_REFLECTION_BUFFERS UNITY_USE_DITHER_MASK_FOR_ALPHABLENDED_SHADOWS UNITY_PBS_USE_BRDF1 UNITY_SPECCUBE_BOX_PROJECTION UNITY_SPECCUBE_BLENDING UNITY_ENABLE_DETAIL_NORMALMAP SHADER_API_DESKTOP UNITY_COLORSPACE_GAMMA UNITY_LIGHT_PROBE_PROXY_VOLUME UNITY_LIGHTMAP_FULL_HDR uKW=SHADER_STAGE_COMPUTE platform=d3d11 flags=0  error: 2 plat 25 at ActivationBase.compute(237): Couldn't open include file 'Activation.cginc'.
 ok=0 outsize=0

Cmd: compileComputeKernel
  insize=10283 path=D:/Proyectos Unity/Trabajo SCBIO/Kart_Unity/KartSCBIO/Library/PackageCache/com.unity.barracuda@1.4.0-preview/Barracuda/Runtime/Core/Resources/Barracuda/ActivationBase.compute kernel=Pow_Loop cachingPP=1 ppOnly=0 stripLineD=0 buildPlatform=19 km=<UNITY_VERSION=202033> pKW=UNITY_ENABLE_REFLECTION_BUFFERS UNITY_USE_DITHER_MASK_FOR_ALPHABLENDED_SHADOWS UNITY_PBS_USE_BRDF1 UNITY_SPECCUBE_BOX_PROJECTION UNITY_SPECCUBE_BLENDING UNITY_ENABLE_DETAIL_NORMALMAP SHADER_API_DESKTOP UNITY_COLORSPACE_GAMMA UNITY_LIGHT_PROBE_PROXY_VOLUME UNITY_LIGHTMAP_FULL_HDR uKW=SHADER_STAGE_COMPUTE platform=d3d11 flags=0  error: 2 plat 25 at ActivationBase.compute(237): Couldn't open include file 'Activation.cginc'.
 ok=0 outsize=0

Cmd: compileComputeKernel
  insize=10283 path=D:/Proyectos Unity/Trabajo SCBIO/Kart_Unity/KartSCBIO/Library/PackageCache/com.unity.barracuda@1.4.0-preview/Barracuda/Runtime/Core/Resources/Barracuda/ActivationBase.compute kernel=Sign_Flat cachingPP=1 ppOnly=0 stripLineD=0 buildPlatform=19 km=<UNITY_VERSION=202033> pKW=UNITY_ENABLE_REFLECTION_BUFFERS UNITY_USE_DITHER_MASK_FOR_ALPHABLENDED_SHADOWS UNITY_PBS_USE_BRDF1 UNITY_SPECCUBE_BOX_PROJECTION UNITY_SPECCUBE_BLENDING UNITY_ENABLE_DETAIL_NORMALMAP SHADER_API_DESKTOP UNITY_COLORSPACE_GAMMA UNITY_LIGHT_PROBE_PROXY_VOLUME UNITY_LIGHTMAP_FULL_HDR uKW=SHADER_STAGE_COMPUTE platform=d3d11 flags=0  error: 2 plat 25 at ActivationBase.compute(237): Couldn't open include file 'Activation.cginc'.
 ok=0 outsize=0

Cmd: compileComputeKernel
  insize=10283 path=D:/Proyectos Unity/Trabajo SCBIO/Kart_Unity/KartSCBIO/Library/PackageCache/com.unity.barracuda@1.4.0-preview/Barracuda/Runtime/Core/Resources/Barracuda/ActivationBase.compute kernel=Acosh_FlatStrict cachingPP=1 ppOnly=0 stripLineD=0 buildPlatform=19 km=<UNITY_VERSION=202033> pKW=UNITY_ENABLE_REFLECTION_BUFFERS UNITY_USE_DITHER_MASK_FOR_ALPHABLENDED_SHADOWS UNITY_PBS_USE_BRDF1 UNITY_SPECCUBE_BOX_PROJECTION UNITY_SPECCUBE_BLENDING UNITY_ENABLE_DETAIL_NORMALMAP SHADER_API_DESKTOP UNITY_COLORSPACE_GAMMA UNITY_LIGHT_PROBE_PROXY_VOLUME UNITY_LIGHTMAP_FULL_HDR uKW=SHADER_STAGE_COMPUTE platform=d3d11 flags=0  error: 2 plat 25 at ActivationBase.compute(237): Couldn't open include file 'Activation.cginc'.
 ok=0 outsize=0

Cmd: compileComputeKernel
  insize=10283 path=D:/Proyectos Unity/Trabajo SCBIO/Kart_Unity/KartSCBIO/Library/PackageCache/com.unity.barracuda@1.4.0-preview/Barracuda/Runtime/Core/Resources/Barracuda/ActivationBase.compute kernel=Atan_Flat cachingPP=1 ppOnly=0 stripLineD=0 buildPlatform=19 km=<UNITY_VERSION=202033> pKW=UNITY_ENABLE_REFLECTION_BUFFERS UNITY_USE_DITHER_MASK_FOR_ALPHABLENDED_SHADOWS UNITY_PBS_USE_BRDF1 UNITY_SPECCUBE_BOX_PROJECTION UNITY_SPECCUBE_BLENDING UNITY_ENABLE_DETAIL_NORMALMAP SHADER_API_DESKTOP UNITY_COLORSPACE_GAMMA UNITY_LIGHT_PROBE_PROXY_VOLUME UNITY_LIGHTMAP_FULL_HDR uKW=SHADER_STAGE_COMPUTE platform=d3d11 flags=0  error: 2 plat 25 at ActivationBase.compute(237): Couldn't open include file 'Activation.cginc'.
 ok=0 outsize=0

Cmd: compileComputeKernel
  insize=10283 path=D:/Proyectos Unity/Trabajo SCBIO/Kart_Unity/KartSCBIO/Library/PackageCache/com.unity.barracuda@1.4.0-preview/Barracuda/Runtime/Core/Resources/Barracuda/ActivationBase.compute kernel=Cosh_Flat cachingPP=1 ppOnly=0 stripLineD=0 buildPlatform=19 km=<UNITY_VERSION=202033> pKW=UNITY_ENABLE_REFLECTION_BUFFERS UNITY_USE_DITHER_MASK_FOR_ALPHABLENDED_SHADOWS UNITY_PBS_USE_BRDF1 UNITY_SPECCUBE_BOX_PROJECTION UNITY_SPECCUBE_BLENDING UNITY_ENABLE_DETAIL_NORMALMAP SHADER_API_DESKTOP UNITY_COLORSPACE_GAMMA UNITY_LIGHT_PROBE_PROXY_VOLUME UNITY_LIGHTMAP_FULL_HDR uKW=SHADER_STAGE_COMPUTE platform=d3d11 flags=0  error: 2 plat 25 at ActivationBase.compute(237): Couldn't open include file 'Activation.cginc'.
 ok=0 outsize=0

Cmd: compileComputeKernel
  insize=10283 path=D:/Proyectos Unity/Trabajo SCBIO/Kart_Unity/KartSCBIO/Library/PackageCache/com.unity.barracuda@1.4.0-preview/Barracuda/Runtime/Core/Resources/Barracuda/ActivationBase.compute kernel=Tan_FlatStrict cachingPP=1 ppOnly=0 stripLineD=0 buildPlatform=19 km=<UNITY_VERSION=202033> pKW=UNITY_ENABLE_REFLECTION_BUFFERS UNITY_USE_DITHER_MASK_FOR_ALPHABLENDED_SHADOWS UNITY_PBS_USE_BRDF1 UNITY_SPECCUBE_BOX_PROJECTION UNITY_SPECCUBE_BLENDING UNITY_ENABLE_DETAIL_NORMALMAP SHADER_API_DESKTOP UNITY_COLORSPACE_GAMMA UNITY_LIGHT_PROBE_PROXY_VOLUME UNITY_LIGHTMAP_FULL_HDR uKW=SHADER_STAGE_COMPUTE platform=d3d11 flags=0  error: 2 plat 25 at ActivationBase.compute(237): Couldn't open include file 'Activation.cginc'.
 ok=0 outsize=0

Cmd: compileComputeKernel
  insize=10283 path=D:/Proyectos Unity/Trabajo SCBIO/Kart_Unity/KartSCBIO/Library/PackageCache/com.unity.barracuda@1.4.0-preview/Barracuda/Runtime/Core/Resources/Barracuda/ActivationBase.compute kernel=Relu6_NHWC cachingPP=1 ppOnly=0 stripLineD=0 buildPlatform=19 km=<CHANNELS_FIRST=0>,<UNITY_VERSION=202033> pKW=UNITY_ENABLE_REFLECTION_BUFFERS UNITY_USE_DITHER_MASK_FOR_ALPHABLENDED_SHADOWS UNITY_PBS_USE_BRDF1 UNITY_SPECCUBE_BOX_PROJECTION UNITY_SPECCUBE_BLENDING UNITY_ENABLE_DETAIL_NORMALMAP SHADER_API_DESKTOP UNITY_COLORSPACE_GAMMA UNITY_LIGHT_PROBE_PROXY_VOLUME UNITY_LIGHTMAP_FULL_HDR uKW=SHADER_STAGE_COMPUTE platform=d3d11 flags=0  error: 2 plat 25 at ActivationBase.compute(237): Couldn't open include file 'Activation.cginc'.
 ok=0 outsize=0

Cmd: compileComputeKernel
  insize=10283 path=D:/Proyectos Unity/Trabajo SCBIO/Kart_Unity/KartSCBIO/Library/PackageCache/com.unity.barracuda@1.4.0-preview/Barracuda/Runtime/Core/Resources/Barracuda/ActivationBase.compute kernel=Selu_NHWC cachingPP=1 ppOnly=0 stripLineD=0 buildPlatform=19 km=<CHANNELS_FIRST=0>,<UNITY_VERSION=202033> pKW=UNITY_ENABLE_REFLECTION_BUFFERS UNITY_USE_DITHER_MASK_FOR_ALPHABLENDED_SHADOWS UNITY_PBS_USE_BRDF1 UNITY_SPECCUBE_BOX_PROJECTION UNITY_SPECCUBE_BLENDING UNITY_ENABLE_DETAIL_NORMALMAP SHADER_API_DESKTOP UNITY_COLORSPACE_GAMMA UNITY_LIGHT_PROBE_PROXY_VOLUME UNITY_LIGHTMAP_FULL_HDR uKW=SHADER_STAGE_COMPUTE platform=d3d11 flags=0  error: 2 plat 25 at ActivationBase.compute(237): Couldn't open include file 'Activation.cginc'.
 ok=0 outsize=0

Cmd: compileComputeKernel
  insize=10283 path=D:/Proyectos Unity/Trabajo SCBIO/Kart_Unity/KartSCBIO/Library/PackageCache/com.unity.barracuda@1.4.0-preview/Barracuda/Runtime/Core/Resources/Barracuda/ActivationBase.compute kernel=Tanh_Nyxc_NHWC cachingPP=1 ppOnly=0 stripLineD=0 buildPlatform=19 km=<CHANNELS_FIRST=0>,<UNITY_VERSION=202033> pKW=UNITY_ENABLE_REFLECTION_BUFFERS UNITY_USE_DITHER_MASK_FOR_ALPHABLENDED_SHADOWS UNITY_PBS_USE_BRDF1 UNITY_SPECCUBE_BOX_PROJECTION UNITY_SPECCUBE_BLENDING UNITY_ENABLE_DETAIL_NORMALMAP SHADER_API_DESKTOP UNITY_COLORSPACE_GAMMA UNITY_LIGHT_PROBE_PROXY_VOLUME UNITY_LIGHTMAP_FULL_HDR uKW=SHADER_STAGE_COMPUTE platform=d3d11 flags=0  error: 2 plat 25 at ActivationBase.compute(237): Couldn't open include file 'Activation.cginc'.
 ok=0 outsize=0

Cmd: compileComputeKernel
  insize=10283 path=D:/Proyectos Unity/Trabajo SCBIO/Kart_Unity/KartSCBIO/Library/PackageCache/com.unity.barracuda@1.4.0-preview/Barracuda/Runtime/Core/Resources/Barracuda/ActivationBase.compute kernel=Softplus_CNyx_NHWC cachingPP=1 ppOnly=0 stripLineD=0 buildPlatform=19 km=<CHANNELS_FIRST=0>,<UNITY_VERSION=202033> pKW=UNITY_ENABLE_REFLECTION_BUFFERS UNITY_USE_DITHER_MASK_FOR_ALPHABLENDED_SHADOWS UNITY_PBS_USE_BRDF1 UNITY_SPECCUBE_BOX_PROJECTION UNITY_SPECCUBE_BLENDING UNITY_ENABLE_DETAIL_NORMALMAP SHADER_API_DESKTOP UNITY_COLORSPACE_GAMMA UNITY_LIGHT_PROBE_PROXY_VOLUME UNITY_LIGHTMAP_FULL_HDR uKW=SHADER_STAGE_COMPUTE platform=d3d11 flags=0  error: 2 plat 25 at ActivationBase.compute(237): Couldn't open include file 'Activation.cginc'.
 ok=0 outsize=0

Cmd: compileComputeKernel
  insize=10283 path=D:/Proyectos Unity/Trabajo SCBIO/Kart_Unity/KartSCBIO/Library/PackageCache/com.unity.barracuda@1.4.0-preview/Barracuda/Runtime/Core/Resources/Barracuda/ActivationBase.compute kernel=Elu_NHWC cachingPP=1 ppOnly=0 stripLineD=0 buildPlatform=19 km=<CHANNELS_FIRST=0>,<UNITY_VERSION=202033> pKW=UNITY_ENABLE_REFLECTION_BUFFERS UNITY_USE_DITHER_MASK_FOR_ALPHABLENDED_SHADOWS UNITY_PBS_USE_BRDF1 UNITY_SPECCUBE_BOX_PROJECTION UNITY_SPECCUBE_BLENDING UNITY_ENABLE_DETAIL_NORMALMAP SHADER_API_DESKTOP UNITY_COLORSPACE_GAMMA UNITY_LIGHT_PROBE_PROXY_VOLUME UNITY_LIGHTMAP_FULL_HDR uKW=SHADER_STAGE_COMPUTE platform=d3d11 flags=0  error: 2 plat 25 at ActivationBase.compute(237): Couldn't open include file 'Activation.cginc'.
 ok=0 outsize=0

Cmd: compileComputeKernel
  insize=10283 path=D:/Proyectos Unity/Trabajo SCBIO/Kart_Unity/KartSCBIO/Library/PackageCache/com.unity.barracuda@1.4.0-preview/Barracuda/Runtime/Core/Resources/Barracuda/ActivationBase.compute kernel=LeakyRelu_NCHW cachingPP=1 ppOnly=0 stripLineD=0 buildPlatform=19 km=<CHANNELS_FIRST=1>,<UNITY_VERSION=202033> pKW=UNITY_ENABLE_REFLECTION_BUFFERS UNITY_USE_DITHER_MASK_FOR_ALPHABLENDED_SHADOWS UNITY_PBS_USE_BRDF1 UNITY_SPECCUBE_BOX_PROJECTION UNITY_SPECCUBE_BLENDING UNITY_ENABLE_DETAIL_NORMALMAP SHADER_API_DESKTOP UNITY_COLORSPACE_GAMMA UNITY_LIGHT_PROBE_PROXY_VOLUME UNITY_LIGHTMAP_FULL_HDR uKW=SHADER_STAGE_COMPUTE platform=d3d11 flags=0  error: 2 plat 25 at ActivationBase.compute(237): Couldn't open include file 'Activation.cginc'.
 ok=0 outsize=0

Cmd: compileComputeKernel
  insize=10283 path=D:/Proyectos Unity/Trabajo SCBIO/Kart_Unity/KartSCBIO/Library/PackageCache/com.unity.barracuda@1.4.0-preview/Barracuda/Runtime/Core/Resources/Barracuda/ActivationBase.compute kernel=Exp_CNyx_NHWC cachingPP=1 ppOnly=0 stripLineD=0 buildPlatform=19 km=<CHANNELS_FIRST=0>,<UNITY_VERSION=202033> pKW=UNITY_ENABLE_REFLECTION_BUFFERS UNITY_USE_DITHER_MASK_FOR_ALPHABLENDED_SHADOWS UNITY_PBS_USE_BRDF1 UNITY_SPECCUBE_BOX_PROJECTION UNITY_SPECCUBE_BLENDING UNITY_ENABLE_DETAIL_NORMALMAP SHADER_API_DESKTOP UNITY_COLORSPACE_GAMMA UNITY_LIGHT_PROBE_PROXY_VOLUME UNITY_LIGHTMAP_FULL_HDR uKW=SHADER_STAGE_COMPUTE platform=d3d11 flags=0  error: 2 plat 25 at ActivationBase.compute(237): Couldn't open include file 'Activation.cginc'.
 ok=0 outsize=0

Cmd: compileComputeKernel
  insize=10283 path=D:/Proyectos Unity/Trabajo SCBIO/Kart_Unity/KartSCBIO/Library/PackageCache/com.unity.barracuda@1.4.0-preview/Barracuda/Runtime/Core/Resources/Barracuda/ActivationBase.compute kernel=Log_Nyxc_NHWC cachingPP=1 ppOnly=0 stripLineD=0 buildPlatform=19 km=<CHANNELS_FIRST=0>,<UNITY_VERSION=202033> pKW=UNITY_ENABLE_REFLECTION_BUFFERS UNITY_USE_DITHER_MASK_FOR_ALPHABLENDED_SHADOWS UNITY_PBS_USE_BRDF1 UNITY_SPECCUBE_BOX_PROJECTION UNITY_SPECCUBE_BLENDING UNITY_ENABLE_DETAIL_NORMALMAP SHADER_API_DESKTOP UNITY_COLORSPACE_GAMMA UNITY_LIGHT_PROBE_PROXY_VOLUME UNITY_LIGHTMAP_FULL_HDR uKW=SHADER_STAGE_COMPUTE platform=d3d11 flags=0  error: 2 plat 25 at ActivationBase.compute(237): Couldn't open include file 'Activation.cginc'.
 ok=0 outsize=0

Cmd: compileComputeKernel
  insize=10283 path=D:/Proyectos Unity/Trabajo SCBIO/Kart_Unity/KartSCBIO/Library/PackageCache/com.unity.barracuda@1.4.0-preview/Barracuda/Runtime/Core/Resources/Barracuda/ActivationBase.compute kernel=Pow_NCHW cachingPP=1 ppOnly=0 stripLineD=0 buildPlatform=19 km=<CHANNELS_FIRST=1>,<UNITY_VERSION=202033> pKW=UNITY_ENABLE_REFLECTION_BUFFERS UNITY_USE_DITHER_MASK_FOR_ALPHABLENDED_SHADOWS UNITY_PBS_USE_BRDF1 UNITY_SPECCUBE_BOX_PROJECTION UNITY_SPECCUBE_BLENDING UNITY_ENABLE_DETAIL_NORMALMAP SHADER_API_DESKTOP UNITY_COLORSPACE_GAMMA UNITY_LIGHT_PROBE_PROXY_VOLUME UNITY_LIGHTMAP_FULL_HDR uKW=SHADER_STAGE_COMPUTE platform=d3d11 flags=0  error: 2 plat 25 at ActivationBase.compute(237): Couldn't open include file 'Activation.cginc'.
 ok=0 outsize=0

Cmd: compileComputeKernel
  insize=10283 path=D:/Proyectos Unity/Trabajo SCBIO/Kart_Unity/KartSCBIO/Library/PackageCache/com.unity.barracuda@1.4.0-preview/Barracuda/Runtime/Core/Resources/Barracuda/ActivationBase.compute kernel=LogSoftmax_NHWC cachingPP=1 ppOnly=0 stripLineD=0 buildPlatform=19 km=<CHANNELS_FIRST=0>,<UNITY_VERSION=202033> pKW=UNITY_ENABLE_REFLECTION_BUFFERS UNITY_USE_DITHER_MASK_FOR_ALPHABLENDED_SHADOWS UNITY_PBS_USE_BRDF1 UNITY_SPECCUBE_BOX_PROJECTION UNITY_SPECCUBE_BLENDING UNITY_ENABLE_DETAIL_NORMALMAP SHADER_API_DESKTOP UNITY_COLORSPACE_GAMMA UNITY_LIGHT_PROBE_PROXY_VOLUME UNITY_LIGHTMAP_FULL_HDR uKW=SHADER_STAGE_COMPUTE platform=d3d11 flags=0  error: 2 plat 25 at ActivationBase.compute(237): Couldn't open include file 'Activation.cginc'.
 ok=0 outsize=0

Cmd: compileComputeKernel
  insize=10283 path=D:/Proyectos Unity/Trabajo SCBIO/Kart_Unity/KartSCBIO/Library/PackageCache/com.unity.barracuda@1.4.0-preview/Barracuda/Runtime/Core/Resources/Barracuda/ActivationBase.compute kernel=Clip_CNyx_NHWC cachingPP=1 ppOnly=0 stripLineD=0 buildPlatform=19 km=<CHANNELS_FIRST=0>,<UNITY_VERSION=202033> pKW=UNITY_ENABLE_REFLECTION_BUFFERS UNITY_USE_DITHER_MASK_FOR_ALPHABLENDED_SHADOWS UNITY_PBS_USE_BRDF1 UNITY_SPECCUBE_BOX_PROJECTION UNITY_SPECCUBE_BLENDING UNITY_ENABLE_DETAIL_NORMALMAP SHADER_API_DESKTOP UNITY_COLORSPACE_GAMMA UNITY_LIGHT_PROBE_PROXY_VOLUME UNITY_LIGHTMAP_FULL_HDR uKW=SHADER_STAGE_COMPUTE platform=d3d11 flags=0  error: 2 plat 25 at ActivationBase.compute(237): Couldn't open include file 'Activation.cginc'.
 ok=0 outsize=0

Cmd: compileComputeKernel
  insize=10283 path=D:/Proyectos Unity/Trabajo SCBIO/Kart_Unity/KartSCBIO/Library/PackageCache/com.unity.barracuda@1.4.0-preview/Barracuda/Runtime/Core/Resources/Barracuda/ActivationBase.compute kernel=Acos_Nyxc_NHWC cachingPP=1 ppOnly=0 stripLineD=0 buildPlatform=19 km=<CHANNELS_FIRST=0>,<UNITY_VERSION=202033> pKW=UNITY_ENABLE_REFLECTION_BUFFERS UNITY_USE_DITHER_MASK_FOR_ALPHABLENDED_SHADOWS UNITY_PBS_USE_BRDF1 UNITY_SPECCUBE_BOX_PROJECTION UNITY_SPECCUBE_BLENDING UNITY_ENABLE_DETAIL_NORMALMAP SHADER_API_DESKTOP UNITY_COLORSPACE_GAMMA UNITY_LIGHT_PROBE_PROXY_VOLUME UNITY_LIGHTMAP_FULL_HDR uKW=SHADER_STAGE_COMPUTE platform=d3d11 flags=0  error: 2 plat 25 at ActivationBase.compute(237): Couldn't open include file 'Activation.cginc'.
 ok=0 outsize=0

Cmd: compileComputeKernel
  insize=10283 path=D:/Proyectos Unity/Trabajo SCBIO/Kart_Unity/KartSCBIO/Library/PackageCache/com.unity.barracuda@1.4.0-preview/Barracuda/Runtime/Core/Resources/Barracuda/ActivationBase.compute kernel=Asin_NHWC cachingPP=1 ppOnly=0 stripLineD=0 buildPlatform=19 km=<CHANNELS_FIRST=0>,<UNITY_VERSION=202033> pKW=UNITY_ENABLE_REFLECTION_BUFFERS UNITY_USE_DITHER_MASK_FOR_ALPHABLENDED_SHADOWS UNITY_PBS_USE_BRDF1 UNITY_SPECCUBE_BOX_PROJECTION UNITY_SPECCUBE_BLENDING UNITY_ENABLE_DETAIL_NORMALMAP SHADER_API_DESKTOP UNITY_COLORSPACE_GAMMA UNITY_LIGHT_PROBE_PROXY_VOLUME UNITY_LIGHTMAP_FULL_HDR uKW=SHADER_STAGE_COMPUTE platform=d3d11 flags=0  error: 2 plat 25 at ActivationBase.compute(237): Couldn't open include file 'Activation.cginc'.
 ok=0 outsize=0

Cmd: compileComputeKernel
  insize=10283 path=D:/Proyectos Unity/Trabajo SCBIO/Kart_Unity/KartSCBIO/Library/PackageCache/com.unity.barracuda@1.4.0-preview/Barracuda/Runtime/Core/Resources/Barracuda/ActivationBase.compute kernel=Asin_Nyxc_NHWC cachingPP=1 ppOnly=0 stripLineD=0 buildPlatform=19 km=<CHANNELS_FIRST=0>,<UNITY_VERSION=202033> pKW=UNITY_ENABLE_REFLECTION_BUFFERS UNITY_USE_DITHER_MASK_FOR_ALPHABLENDED_SHADOWS UNITY_PBS_USE_BRDF1 UNITY_SPECCUBE_BOX_PROJECTION UNITY_SPECCUBE_BLENDING UNITY_ENABLE_DETAIL_NORMALMAP SHADER_API_DESKTOP UNITY_COLORSPACE_GAMMA UNITY_LIGHT_PROBE_PROXY_VOLUME UNITY_LIGHTMAP_FULL_HDR uKW=SHADER_STAGE_COMPUTE platform=d3d11 flags=0  error: 2 plat 25 at ActivationBase.compute(237): Couldn't open include file 'Activation.cginc'.
 ok=0 outsize=0

Cmd: compileComputeKernel
  insize=10283 path=D:/Proyectos Unity/Trabajo SCBIO/Kart_Unity/KartSCBIO/Library/PackageCache/com.unity.barracuda@1.4.0-preview/Barracuda/Runtime/Core/Resources/Barracuda/ActivationBase.compute kernel=Asinh_Nyxc_NHWC cachingPP=1 ppOnly=0 stripLineD=0 buildPlatform=19 km=<CHANNELS_FIRST=0>,<UNITY_VERSION=202033> pKW=UNITY_ENABLE_REFLECTION_BUFFERS UNITY_USE_DITHER_MASK_FOR_ALPHABLENDED_SHADOWS UNITY_PBS_USE_BRDF1 UNITY_SPECCUBE_BOX_PROJECTION UNITY_SPECCUBE_BLENDING UNITY_ENABLE_DETAIL_NORMALMAP SHADER_API_DESKTOP UNITY_COLORSPACE_GAMMA UNITY_LIGHT_PROBE_PROXY_VOLUME UNITY_LIGHTMAP_FULL_HDR uKW=SHADER_STAGE_COMPUTE platform=d3d11 flags=0  error: 2 plat 25 at ActivationBase.compute(237): Couldn't open include file 'Activation.cginc'.
 ok=0 outsize=0

Cmd: compileComputeKernel
  insize=10283 path=D:/Proyectos Unity/Trabajo SCBIO/Kart_Unity/KartSCBIO/Library/PackageCache/com.unity.barracuda@1.4.0-preview/Barracuda/Runtime/Core/Resources/Barracuda/ActivationBase.compute kernel=Sinh_NCHW cachingPP=1 ppOnly=0 stripLineD=0 buildPlatform=19 km=<CHANNELS_FIRST=1>,<UNITY_VERSION=202033> pKW=UNITY_ENABLE_REFLECTION_BUFFERS UNITY_USE_DITHER_MASK_FOR_ALPHABLENDED_SHADOWS UNITY_PBS_USE_BRDF1 UNITY_SPECCUBE_BOX_PROJECTION UNITY_SPECCUBE_BLENDING UNITY_ENABLE_DETAIL_NORMALMAP SHADER_API_DESKTOP UNITY_COLORSPACE_GAMMA UNITY_LIGHT_PROBE_PROXY_VOLUME UNITY_LIGHTMAP_FULL_HDR uKW=SHADER_STAGE_COMPUTE platform=d3d11 flags=0  error: 2 plat 25 at ActivationBase.compute(237): Couldn't open include file 'Activation.cginc'.
 ok=0 outsize=0

Cmd: compileComputeKernel
  insize=10283 path=D:/Proyectos Unity/Trabajo SCBIO/Kart_Unity/KartSCBIO/Library/PackageCache/com.unity.barracuda@1.4.0-preview/Barracuda/Runtime/Core/Resources/Barracuda/ActivationBase.compute kernel=Tan_Nyxc_NHWC cachingPP=1 ppOnly=0 stripLineD=0 buildPlatform=19 km=<CHANNELS_FIRST=0>,<UNITY_VERSION=202033> pKW=UNITY_ENABLE_REFLECTION_BUFFERS UNITY_USE_DITHER_MASK_FOR_ALPHABLENDED_SHADOWS UNITY_PBS_USE_BRDF1 UNITY_SPECCUBE_BOX_PROJECTION UNITY_SPECCUBE_BLENDING UNITY_ENABLE_DETAIL_NORMALMAP SHADER_API_DESKTOP UNITY_COLORSPACE_GAMMA UNITY_LIGHT_PROBE_PROXY_VOLUME UNITY_LIGHTMAP_FULL_HDR uKW=SHADER_STAGE_COMPUTE platform=d3d11 flags=0  error: 2 plat 25 at ActivationBase.compute(237): Couldn't open include file 'Activation.cginc'.
 ok=0 outsize=0

Cmd: shutdown
